ARM GAS  C:\Users\afgou\AppData\Local\Temp\ccm69Nlg.s 			page 1


   1              		.cpu cortex-m4
   2              		.eabi_attribute 27, 1
   3              		.eabi_attribute 28, 1
   4              		.eabi_attribute 20, 1
   5              		.eabi_attribute 21, 1
   6              		.eabi_attribute 23, 3
   7              		.eabi_attribute 24, 1
   8              		.eabi_attribute 25, 1
   9              		.eabi_attribute 26, 1
  10              		.eabi_attribute 30, 2
  11              		.eabi_attribute 34, 1
  12              		.eabi_attribute 18, 4
  13              		.file	"maze_mapping.c"
  14              		.text
  15              	.Ltext0:
  16              		.cfi_sections	.debug_frame
  17              		.section	.text.maze_mapping_test_known_cr,"ax",%progbits
  18              		.align	1
  19              		.p2align 4,,15
  20              		.global	maze_mapping_test_known_cr
  21              		.syntax unified
  22              		.thumb
  23              		.thumb_func
  24              		.fpu fpv4-sp-d16
  25              		.type	maze_mapping_test_known_cr, %function
  26              	maze_mapping_test_known_cr:
  27              	.LFB3:
  28              		.file 1 "maze_mapping.c"
  29              		.loc 1 24 0
  30              		.cfi_startproc
  31              		@ args = 0, pretend = 0, frame = 8
  32              		@ frame_needed = 0, uses_anonymous_args = 0
  33              	.LVL0:
  34 0000 00B5     		push	{lr}
  35              		.cfi_def_cfa_offset 4
  36              		.cfi_offset 14, -4
  37 0002 1F4A     		ldr	r2, .L17
  38              	.LVL1:
  39 0004 83B0     		sub	sp, sp, #12
  40              		.cfi_def_cfa_offset 16
  41              		.loc 1 24 0
  42 0006 1368     		ldr	r3, [r2]
  43 0008 0193     		str	r3, [sp, #4]
  44              		.loc 1 27 0
  45 000a 4B1E     		subs	r3, r1, #1
  46              	.LVL2:
  47 000c 32D4     		bmi	.L9
  48 000e 01EB4101 		add	r1, r1, r1, lsl #1
  49              	.LVL3:
  50              		.loc 1 29 0
  51 0012 DFED1C6A 		vldr.32	s13, .L17+4
  52 0016 00EB8101 		add	r1, r0, r1, lsl #2
  53              	.LVL4:
  54              	.L7:
  55 001a 51ED027A 		vldr.32	s15, [r1, #-8]
  56 001e 37EEA67A 		vadd.f32	s14, s15, s13
  57 0022 B4EEC07A 		vcmpe.f32	s14, s0
ARM GAS  C:\Users\afgou\AppData\Local\Temp\ccm69Nlg.s 			page 2


  58 0026 F1EE10FA 		vmrs	APSR_nzcv, FPSCR
  59 002a 16DD     		ble	.L3
  60              		.loc 1 30 0 discriminator 1
  61 002c 77EEE67A 		vsub.f32	s15, s15, s13
  62              		.loc 1 29 0 discriminator 1
  63 0030 F4EEC07A 		vcmpe.f32	s15, s0
  64 0034 F1EE10FA 		vmrs	APSR_nzcv, FPSCR
  65 0038 0FD5     		bpl	.L3
  66              		.loc 1 31 0
  67 003a 51ED017A 		vldr.32	s15, [r1, #-4]
  68 003e 37EEA67A 		vadd.f32	s14, s15, s13
  69              		.loc 1 30 0
  70 0042 B4EEE07A 		vcmpe.f32	s14, s1
  71 0046 F1EE10FA 		vmrs	APSR_nzcv, FPSCR
  72 004a 06DD     		ble	.L3
  73              		.loc 1 32 0
  74 004c 77EEE67A 		vsub.f32	s15, s15, s13
  75              		.loc 1 31 0
  76 0050 F4EEE07A 		vcmpe.f32	s15, s1
  77 0054 F1EE10FA 		vmrs	APSR_nzcv, FPSCR
  78 0058 04D4     		bmi	.L1
  79              	.L3:
  80              		.loc 1 27 0 discriminator 2
  81 005a 013B     		subs	r3, r3, #1
  82              	.LVL5:
  83 005c 581C     		adds	r0, r3, #1
  84 005e A1F10C01 		sub	r1, r1, #12
  85 0062 DAD1     		bne	.L7
  86              	.LVL6:
  87              	.L1:
  88              		.loc 1 36 0
  89 0064 0199     		ldr	r1, [sp, #4]
  90 0066 1268     		ldr	r2, [r2]
  91 0068 9142     		cmp	r1, r2
  92 006a 1846     		mov	r0, r3
  93 006c 05D1     		bne	.L16
  94 006e 03B0     		add	sp, sp, #12
  95              		.cfi_remember_state
  96              		.cfi_def_cfa_offset 4
  97              		@ sp needed
  98 0070 5DF804FB 		ldr	pc, [sp], #4
  99              	.LVL7:
 100              	.L9:
 101              		.cfi_restore_state
 102              		.loc 1 35 0
 103 0074 4FF0FF33 		mov	r3, #-1
 104              	.LVL8:
 105 0078 F4E7     		b	.L1
 106              	.LVL9:
 107              	.L16:
 108              		.loc 1 36 0
 109 007a FFF7FEFF 		bl	__stack_chk_fail
 110              	.LVL10:
 111              	.L18:
 112 007e 00BF     		.align	2
 113              	.L17:
 114 0080 00000000 		.word	__stack_chk_guard
ARM GAS  C:\Users\afgou\AppData\Local\Temp\ccm69Nlg.s 			page 3


 115 0084 0000C842 		.word	1120403456
 116              		.cfi_endproc
 117              	.LFE3:
 118              		.size	maze_mapping_test_known_cr, .-maze_mapping_test_known_cr
 119              		.text
 120              	.Letext0:
 121              		.file 2 "c:\\program files\\eclipse_e-puck2\\tools\\gcc-arm-none-eabi-7-2017-q4-major-win32\\arm-n
 122              		.file 3 "c:\\program files\\eclipse_e-puck2\\tools\\gcc-arm-none-eabi-7-2017-q4-major-win32\\arm-n
 123              		.file 4 "c:\\program files\\eclipse_e-puck2\\tools\\gcc-arm-none-eabi-7-2017-q4-major-win32\\arm-n
 124              		.file 5 "c:\\program files\\eclipse_e-puck2\\tools\\gcc-arm-none-eabi-7-2017-q4-major-win32\\lib\\
 125              		.file 6 "c:\\program files\\eclipse_e-puck2\\tools\\gcc-arm-none-eabi-7-2017-q4-major-win32\\arm-n
 126              		.file 7 "c:\\program files\\eclipse_e-puck2\\tools\\gcc-arm-none-eabi-7-2017-q4-major-win32\\arm-n
 127              		.file 8 "c:\\program files\\eclipse_e-puck2\\tools\\gcc-arm-none-eabi-7-2017-q4-major-win32\\arm-n
 128              		.file 9 "./maze_mapping.h"
 129              		.section	.debug_info,"",%progbits
 130              	.Ldebug_info0:
 131 0000 8C090000 		.4byte	0x98c
 132 0004 0400     		.2byte	0x4
 133 0006 00000000 		.4byte	.Ldebug_abbrev0
 134 000a 04       		.byte	0x4
 135 000b 01       		.uleb128 0x1
 136 000c 7A020000 		.4byte	.LASF136
 137 0010 0C       		.byte	0xc
 138 0011 D1050000 		.4byte	.LASF137
 139 0015 6D010000 		.4byte	.LASF138
 140 0019 00000000 		.4byte	.Ldebug_ranges0+0
 141 001d 00000000 		.4byte	0
 142 0021 00000000 		.4byte	.Ldebug_line0
 143 0025 02       		.uleb128 0x2
 144 0026 04       		.byte	0x4
 145 0027 04       		.byte	0x4
 146 0028 D8040000 		.4byte	.LASF0
 147 002c 02       		.uleb128 0x2
 148 002d 01       		.byte	0x1
 149 002e 06       		.byte	0x6
 150 002f EC000000 		.4byte	.LASF1
 151 0033 03       		.uleb128 0x3
 152 0034 52000000 		.4byte	.LASF11
 153 0038 02       		.byte	0x2
 154 0039 2B       		.byte	0x2b
 155 003a 3E000000 		.4byte	0x3e
 156 003e 02       		.uleb128 0x2
 157 003f 01       		.byte	0x1
 158 0040 08       		.byte	0x8
 159 0041 F6040000 		.4byte	.LASF2
 160 0045 02       		.uleb128 0x2
 161 0046 02       		.byte	0x2
 162 0047 05       		.byte	0x5
 163 0048 12050000 		.4byte	.LASF3
 164 004c 02       		.uleb128 0x2
 165 004d 02       		.byte	0x2
 166 004e 07       		.byte	0x7
 167 004f F4030000 		.4byte	.LASF4
 168 0053 02       		.uleb128 0x2
 169 0054 04       		.byte	0x4
 170 0055 05       		.byte	0x5
 171 0056 39010000 		.4byte	.LASF5
ARM GAS  C:\Users\afgou\AppData\Local\Temp\ccm69Nlg.s 			page 4


 172 005a 02       		.uleb128 0x2
 173 005b 04       		.byte	0x4
 174 005c 07       		.byte	0x7
 175 005d D5030000 		.4byte	.LASF6
 176 0061 02       		.uleb128 0x2
 177 0062 08       		.byte	0x8
 178 0063 05       		.byte	0x5
 179 0064 DE000000 		.4byte	.LASF7
 180 0068 02       		.uleb128 0x2
 181 0069 08       		.byte	0x8
 182 006a 07       		.byte	0x7
 183 006b 9B000000 		.4byte	.LASF8
 184 006f 04       		.uleb128 0x4
 185 0070 04       		.byte	0x4
 186 0071 05       		.byte	0x5
 187 0072 696E7400 		.ascii	"int\000"
 188 0076 02       		.uleb128 0x2
 189 0077 04       		.byte	0x4
 190 0078 07       		.byte	0x7
 191 0079 6D020000 		.4byte	.LASF9
 192 007d 02       		.uleb128 0x2
 193 007e 08       		.byte	0x8
 194 007f 04       		.byte	0x4
 195 0080 82040000 		.4byte	.LASF10
 196 0084 05       		.uleb128 0x5
 197 0085 04       		.byte	0x4
 198 0086 03       		.uleb128 0x3
 199 0087 41040000 		.4byte	.LASF12
 200 008b 03       		.byte	0x3
 201 008c 22       		.byte	0x22
 202 008d 91000000 		.4byte	0x91
 203 0091 06       		.uleb128 0x6
 204 0092 04       		.byte	0x4
 205 0093 97000000 		.4byte	0x97
 206 0097 07       		.uleb128 0x7
 207 0098 E7010000 		.4byte	.LASF119
 208 009c 03       		.uleb128 0x3
 209 009d C4040000 		.4byte	.LASF13
 210 00a1 04       		.byte	0x4
 211 00a2 2C       		.byte	0x2c
 212 00a3 53000000 		.4byte	0x53
 213 00a7 03       		.uleb128 0x3
 214 00a8 FA050000 		.4byte	.LASF14
 215 00ac 04       		.byte	0x4
 216 00ad 72       		.byte	0x72
 217 00ae 53000000 		.4byte	0x53
 218 00b2 08       		.uleb128 0x8
 219 00b3 49040000 		.4byte	.LASF15
 220 00b7 05       		.byte	0x5
 221 00b8 6501     		.2byte	0x165
 222 00ba 76000000 		.4byte	0x76
 223 00be 09       		.uleb128 0x9
 224 00bf 04       		.byte	0x4
 225 00c0 04       		.byte	0x4
 226 00c1 A6       		.byte	0xa6
 227 00c2 DD000000 		.4byte	0xdd
 228 00c6 0A       		.uleb128 0xa
ARM GAS  C:\Users\afgou\AppData\Local\Temp\ccm69Nlg.s 			page 5


 229 00c7 31040000 		.4byte	.LASF16
 230 00cb 04       		.byte	0x4
 231 00cc A8       		.byte	0xa8
 232 00cd B2000000 		.4byte	0xb2
 233 00d1 0A       		.uleb128 0xa
 234 00d2 BE030000 		.4byte	.LASF17
 235 00d6 04       		.byte	0x4
 236 00d7 A9       		.byte	0xa9
 237 00d8 DD000000 		.4byte	0xdd
 238 00dc 00       		.byte	0
 239 00dd 0B       		.uleb128 0xb
 240 00de 3E000000 		.4byte	0x3e
 241 00e2 ED000000 		.4byte	0xed
 242 00e6 0C       		.uleb128 0xc
 243 00e7 76000000 		.4byte	0x76
 244 00eb 03       		.byte	0x3
 245 00ec 00       		.byte	0
 246 00ed 0D       		.uleb128 0xd
 247 00ee 08       		.byte	0x8
 248 00ef 04       		.byte	0x4
 249 00f0 A3       		.byte	0xa3
 250 00f1 0E010000 		.4byte	0x10e
 251 00f5 0E       		.uleb128 0xe
 252 00f6 C9050000 		.4byte	.LASF18
 253 00fa 04       		.byte	0x4
 254 00fb A5       		.byte	0xa5
 255 00fc 6F000000 		.4byte	0x6f
 256 0100 00       		.byte	0
 257 0101 0E       		.uleb128 0xe
 258 0102 E0050000 		.4byte	.LASF19
 259 0106 04       		.byte	0x4
 260 0107 AA       		.byte	0xaa
 261 0108 BE000000 		.4byte	0xbe
 262 010c 04       		.byte	0x4
 263 010d 00       		.byte	0
 264 010e 03       		.uleb128 0x3
 265 010f 3A050000 		.4byte	.LASF20
 266 0113 04       		.byte	0x4
 267 0114 AB       		.byte	0xab
 268 0115 ED000000 		.4byte	0xed
 269 0119 03       		.uleb128 0x3
 270 011a 30020000 		.4byte	.LASF21
 271 011e 04       		.byte	0x4
 272 011f AF       		.byte	0xaf
 273 0120 86000000 		.4byte	0x86
 274 0124 03       		.uleb128 0x3
 275 0125 50060000 		.4byte	.LASF22
 276 0129 06       		.byte	0x6
 277 012a 16       		.byte	0x16
 278 012b 5A000000 		.4byte	0x5a
 279 012f 0F       		.uleb128 0xf
 280 0130 41020000 		.4byte	.LASF27
 281 0134 18       		.byte	0x18
 282 0135 06       		.byte	0x6
 283 0136 2F       		.byte	0x2f
 284 0137 82010000 		.4byte	0x182
 285 013b 0E       		.uleb128 0xe
ARM GAS  C:\Users\afgou\AppData\Local\Temp\ccm69Nlg.s 			page 6


 286 013c 2F060000 		.4byte	.LASF23
 287 0140 06       		.byte	0x6
 288 0141 31       		.byte	0x31
 289 0142 82010000 		.4byte	0x182
 290 0146 00       		.byte	0
 291 0147 10       		.uleb128 0x10
 292 0148 5F6B00   		.ascii	"_k\000"
 293 014b 06       		.byte	0x6
 294 014c 32       		.byte	0x32
 295 014d 6F000000 		.4byte	0x6f
 296 0151 04       		.byte	0x4
 297 0152 0E       		.uleb128 0xe
 298 0153 B4050000 		.4byte	.LASF24
 299 0157 06       		.byte	0x6
 300 0158 32       		.byte	0x32
 301 0159 6F000000 		.4byte	0x6f
 302 015d 08       		.byte	0x8
 303 015e 0E       		.uleb128 0xe
 304 015f 2A020000 		.4byte	.LASF25
 305 0163 06       		.byte	0x6
 306 0164 32       		.byte	0x32
 307 0165 6F000000 		.4byte	0x6f
 308 0169 0C       		.byte	0xc
 309 016a 0E       		.uleb128 0xe
 310 016b 7E060000 		.4byte	.LASF26
 311 016f 06       		.byte	0x6
 312 0170 32       		.byte	0x32
 313 0171 6F000000 		.4byte	0x6f
 314 0175 10       		.byte	0x10
 315 0176 10       		.uleb128 0x10
 316 0177 5F7800   		.ascii	"_x\000"
 317 017a 06       		.byte	0x6
 318 017b 33       		.byte	0x33
 319 017c 88010000 		.4byte	0x188
 320 0180 14       		.byte	0x14
 321 0181 00       		.byte	0
 322 0182 06       		.uleb128 0x6
 323 0183 04       		.byte	0x4
 324 0184 2F010000 		.4byte	0x12f
 325 0188 0B       		.uleb128 0xb
 326 0189 24010000 		.4byte	0x124
 327 018d 98010000 		.4byte	0x198
 328 0191 0C       		.uleb128 0xc
 329 0192 76000000 		.4byte	0x76
 330 0196 00       		.byte	0
 331 0197 00       		.byte	0
 332 0198 0F       		.uleb128 0xf
 333 0199 68020000 		.4byte	.LASF28
 334 019d 24       		.byte	0x24
 335 019e 06       		.byte	0x6
 336 019f 37       		.byte	0x37
 337 01a0 11020000 		.4byte	0x211
 338 01a4 0E       		.uleb128 0xe
 339 01a5 D5000000 		.4byte	.LASF29
 340 01a9 06       		.byte	0x6
 341 01aa 39       		.byte	0x39
 342 01ab 6F000000 		.4byte	0x6f
ARM GAS  C:\Users\afgou\AppData\Local\Temp\ccm69Nlg.s 			page 7


 343 01af 00       		.byte	0
 344 01b0 0E       		.uleb128 0xe
 345 01b1 0E060000 		.4byte	.LASF30
 346 01b5 06       		.byte	0x6
 347 01b6 3A       		.byte	0x3a
 348 01b7 6F000000 		.4byte	0x6f
 349 01bb 04       		.byte	0x4
 350 01bc 0E       		.uleb128 0xe
 351 01bd 0C010000 		.4byte	.LASF31
 352 01c1 06       		.byte	0x6
 353 01c2 3B       		.byte	0x3b
 354 01c3 6F000000 		.4byte	0x6f
 355 01c7 08       		.byte	0x8
 356 01c8 0E       		.uleb128 0xe
 357 01c9 F7060000 		.4byte	.LASF32
 358 01cd 06       		.byte	0x6
 359 01ce 3C       		.byte	0x3c
 360 01cf 6F000000 		.4byte	0x6f
 361 01d3 0C       		.byte	0xc
 362 01d4 0E       		.uleb128 0xe
 363 01d5 9E040000 		.4byte	.LASF33
 364 01d9 06       		.byte	0x6
 365 01da 3D       		.byte	0x3d
 366 01db 6F000000 		.4byte	0x6f
 367 01df 10       		.byte	0x10
 368 01e0 0E       		.uleb128 0xe
 369 01e1 6C040000 		.4byte	.LASF34
 370 01e5 06       		.byte	0x6
 371 01e6 3E       		.byte	0x3e
 372 01e7 6F000000 		.4byte	0x6f
 373 01eb 14       		.byte	0x14
 374 01ec 0E       		.uleb128 0xe
 375 01ed 83060000 		.4byte	.LASF35
 376 01f1 06       		.byte	0x6
 377 01f2 3F       		.byte	0x3f
 378 01f3 6F000000 		.4byte	0x6f
 379 01f7 18       		.byte	0x18
 380 01f8 0E       		.uleb128 0xe
 381 01f9 1C050000 		.4byte	.LASF36
 382 01fd 06       		.byte	0x6
 383 01fe 40       		.byte	0x40
 384 01ff 6F000000 		.4byte	0x6f
 385 0203 1C       		.byte	0x1c
 386 0204 0E       		.uleb128 0xe
 387 0205 BE060000 		.4byte	.LASF37
 388 0209 06       		.byte	0x6
 389 020a 41       		.byte	0x41
 390 020b 6F000000 		.4byte	0x6f
 391 020f 20       		.byte	0x20
 392 0210 00       		.byte	0
 393 0211 11       		.uleb128 0x11
 394 0212 1B010000 		.4byte	.LASF38
 395 0216 0801     		.2byte	0x108
 396 0218 06       		.byte	0x6
 397 0219 4A       		.byte	0x4a
 398 021a 51020000 		.4byte	0x251
 399 021e 0E       		.uleb128 0xe
ARM GAS  C:\Users\afgou\AppData\Local\Temp\ccm69Nlg.s 			page 8


 400 021f 1D020000 		.4byte	.LASF39
 401 0223 06       		.byte	0x6
 402 0224 4B       		.byte	0x4b
 403 0225 51020000 		.4byte	0x251
 404 0229 00       		.byte	0
 405 022a 0E       		.uleb128 0xe
 406 022b 00000000 		.4byte	.LASF40
 407 022f 06       		.byte	0x6
 408 0230 4C       		.byte	0x4c
 409 0231 51020000 		.4byte	0x251
 410 0235 80       		.byte	0x80
 411 0236 12       		.uleb128 0x12
 412 0237 42060000 		.4byte	.LASF41
 413 023b 06       		.byte	0x6
 414 023c 4E       		.byte	0x4e
 415 023d 24010000 		.4byte	0x124
 416 0241 0001     		.2byte	0x100
 417 0243 12       		.uleb128 0x12
 418 0244 49010000 		.4byte	.LASF42
 419 0248 06       		.byte	0x6
 420 0249 51       		.byte	0x51
 421 024a 24010000 		.4byte	0x124
 422 024e 0401     		.2byte	0x104
 423 0250 00       		.byte	0
 424 0251 0B       		.uleb128 0xb
 425 0252 84000000 		.4byte	0x84
 426 0256 61020000 		.4byte	0x261
 427 025a 0C       		.uleb128 0xc
 428 025b 76000000 		.4byte	0x76
 429 025f 1F       		.byte	0x1f
 430 0260 00       		.byte	0
 431 0261 11       		.uleb128 0x11
 432 0262 A7040000 		.4byte	.LASF43
 433 0266 9001     		.2byte	0x190
 434 0268 06       		.byte	0x6
 435 0269 5D       		.byte	0x5d
 436 026a 9F020000 		.4byte	0x29f
 437 026e 0E       		.uleb128 0xe
 438 026f 2F060000 		.4byte	.LASF23
 439 0273 06       		.byte	0x6
 440 0274 5E       		.byte	0x5e
 441 0275 9F020000 		.4byte	0x29f
 442 0279 00       		.byte	0
 443 027a 0E       		.uleb128 0xe
 444 027b 73050000 		.4byte	.LASF44
 445 027f 06       		.byte	0x6
 446 0280 5F       		.byte	0x5f
 447 0281 6F000000 		.4byte	0x6f
 448 0285 04       		.byte	0x4
 449 0286 0E       		.uleb128 0xe
 450 0287 25020000 		.4byte	.LASF45
 451 028b 06       		.byte	0x6
 452 028c 61       		.byte	0x61
 453 028d A5020000 		.4byte	0x2a5
 454 0291 08       		.byte	0x8
 455 0292 0E       		.uleb128 0xe
 456 0293 1B010000 		.4byte	.LASF38
ARM GAS  C:\Users\afgou\AppData\Local\Temp\ccm69Nlg.s 			page 9


 457 0297 06       		.byte	0x6
 458 0298 62       		.byte	0x62
 459 0299 11020000 		.4byte	0x211
 460 029d 88       		.byte	0x88
 461 029e 00       		.byte	0
 462 029f 06       		.uleb128 0x6
 463 02a0 04       		.byte	0x4
 464 02a1 61020000 		.4byte	0x261
 465 02a5 0B       		.uleb128 0xb
 466 02a6 B5020000 		.4byte	0x2b5
 467 02aa B5020000 		.4byte	0x2b5
 468 02ae 0C       		.uleb128 0xc
 469 02af 76000000 		.4byte	0x76
 470 02b3 1F       		.byte	0x1f
 471 02b4 00       		.byte	0
 472 02b5 06       		.uleb128 0x6
 473 02b6 04       		.byte	0x4
 474 02b7 BB020000 		.4byte	0x2bb
 475 02bb 13       		.uleb128 0x13
 476 02bc 0F       		.uleb128 0xf
 477 02bd 26050000 		.4byte	.LASF46
 478 02c1 08       		.byte	0x8
 479 02c2 06       		.byte	0x6
 480 02c3 75       		.byte	0x75
 481 02c4 E1020000 		.4byte	0x2e1
 482 02c8 0E       		.uleb128 0xe
 483 02c9 FE000000 		.4byte	.LASF47
 484 02cd 06       		.byte	0x6
 485 02ce 76       		.byte	0x76
 486 02cf E1020000 		.4byte	0x2e1
 487 02d3 00       		.byte	0
 488 02d4 0E       		.uleb128 0xe
 489 02d5 39000000 		.4byte	.LASF48
 490 02d9 06       		.byte	0x6
 491 02da 77       		.byte	0x77
 492 02db 6F000000 		.4byte	0x6f
 493 02df 04       		.byte	0x4
 494 02e0 00       		.byte	0
 495 02e1 06       		.uleb128 0x6
 496 02e2 04       		.byte	0x4
 497 02e3 3E000000 		.4byte	0x3e
 498 02e7 0F       		.uleb128 0xf
 499 02e8 45050000 		.4byte	.LASF49
 500 02ec 68       		.byte	0x68
 501 02ed 06       		.byte	0x6
 502 02ee B5       		.byte	0xb5
 503 02ef 11040000 		.4byte	0x411
 504 02f3 10       		.uleb128 0x10
 505 02f4 5F7000   		.ascii	"_p\000"
 506 02f7 06       		.byte	0x6
 507 02f8 B6       		.byte	0xb6
 508 02f9 E1020000 		.4byte	0x2e1
 509 02fd 00       		.byte	0
 510 02fe 10       		.uleb128 0x10
 511 02ff 5F7200   		.ascii	"_r\000"
 512 0302 06       		.byte	0x6
 513 0303 B7       		.byte	0xb7
ARM GAS  C:\Users\afgou\AppData\Local\Temp\ccm69Nlg.s 			page 10


 514 0304 6F000000 		.4byte	0x6f
 515 0308 04       		.byte	0x4
 516 0309 10       		.uleb128 0x10
 517 030a 5F7700   		.ascii	"_w\000"
 518 030d 06       		.byte	0x6
 519 030e B8       		.byte	0xb8
 520 030f 6F000000 		.4byte	0x6f
 521 0313 08       		.byte	0x8
 522 0314 0E       		.uleb128 0xe
 523 0315 42010000 		.4byte	.LASF50
 524 0319 06       		.byte	0x6
 525 031a B9       		.byte	0xb9
 526 031b 45000000 		.4byte	0x45
 527 031f 0C       		.byte	0xc
 528 0320 0E       		.uleb128 0xe
 529 0321 E7030000 		.4byte	.LASF51
 530 0325 06       		.byte	0x6
 531 0326 BA       		.byte	0xba
 532 0327 45000000 		.4byte	0x45
 533 032b 0E       		.byte	0xe
 534 032c 10       		.uleb128 0x10
 535 032d 5F626600 		.ascii	"_bf\000"
 536 0331 06       		.byte	0x6
 537 0332 BB       		.byte	0xbb
 538 0333 BC020000 		.4byte	0x2bc
 539 0337 10       		.byte	0x10
 540 0338 0E       		.uleb128 0xe
 541 0339 B2000000 		.4byte	.LASF52
 542 033d 06       		.byte	0x6
 543 033e BC       		.byte	0xbc
 544 033f 6F000000 		.4byte	0x6f
 545 0343 18       		.byte	0x18
 546 0344 0E       		.uleb128 0xe
 547 0345 29010000 		.4byte	.LASF53
 548 0349 06       		.byte	0x6
 549 034a C3       		.byte	0xc3
 550 034b 84000000 		.4byte	0x84
 551 034f 1C       		.byte	0x1c
 552 0350 0E       		.uleb128 0xe
 553 0351 58020000 		.4byte	.LASF54
 554 0355 06       		.byte	0x6
 555 0356 C5       		.byte	0xc5
 556 0357 7E050000 		.4byte	0x57e
 557 035b 20       		.byte	0x20
 558 035c 0E       		.uleb128 0xe
 559 035d 65040000 		.4byte	.LASF55
 560 0361 06       		.byte	0x6
 561 0362 C7       		.byte	0xc7
 562 0363 A8050000 		.4byte	0x5a8
 563 0367 24       		.byte	0x24
 564 0368 0E       		.uleb128 0xe
 565 0369 E8050000 		.4byte	.LASF56
 566 036d 06       		.byte	0x6
 567 036e CA       		.byte	0xca
 568 036f CC050000 		.4byte	0x5cc
 569 0373 28       		.byte	0x28
 570 0374 0E       		.uleb128 0xe
ARM GAS  C:\Users\afgou\AppData\Local\Temp\ccm69Nlg.s 			page 11


 571 0375 D8060000 		.4byte	.LASF57
 572 0379 06       		.byte	0x6
 573 037a CB       		.byte	0xcb
 574 037b E6050000 		.4byte	0x5e6
 575 037f 2C       		.byte	0x2c
 576 0380 10       		.uleb128 0x10
 577 0381 5F756200 		.ascii	"_ub\000"
 578 0385 06       		.byte	0x6
 579 0386 CE       		.byte	0xce
 580 0387 BC020000 		.4byte	0x2bc
 581 038b 30       		.byte	0x30
 582 038c 10       		.uleb128 0x10
 583 038d 5F757000 		.ascii	"_up\000"
 584 0391 06       		.byte	0x6
 585 0392 CF       		.byte	0xcf
 586 0393 E1020000 		.4byte	0x2e1
 587 0397 38       		.byte	0x38
 588 0398 10       		.uleb128 0x10
 589 0399 5F757200 		.ascii	"_ur\000"
 590 039d 06       		.byte	0x6
 591 039e D0       		.byte	0xd0
 592 039f 6F000000 		.4byte	0x6f
 593 03a3 3C       		.byte	0x3c
 594 03a4 0E       		.uleb128 0xe
 595 03a5 F8000000 		.4byte	.LASF58
 596 03a9 06       		.byte	0x6
 597 03aa D3       		.byte	0xd3
 598 03ab EC050000 		.4byte	0x5ec
 599 03af 40       		.byte	0x40
 600 03b0 0E       		.uleb128 0xe
 601 03b1 B0060000 		.4byte	.LASF59
 602 03b5 06       		.byte	0x6
 603 03b6 D4       		.byte	0xd4
 604 03b7 FC050000 		.4byte	0x5fc
 605 03bb 43       		.byte	0x43
 606 03bc 10       		.uleb128 0x10
 607 03bd 5F6C6200 		.ascii	"_lb\000"
 608 03c1 06       		.byte	0x6
 609 03c2 D7       		.byte	0xd7
 610 03c3 BC020000 		.4byte	0x2bc
 611 03c7 44       		.byte	0x44
 612 03c8 0E       		.uleb128 0xe
 613 03c9 64010000 		.4byte	.LASF60
 614 03cd 06       		.byte	0x6
 615 03ce DA       		.byte	0xda
 616 03cf 6F000000 		.4byte	0x6f
 617 03d3 4C       		.byte	0x4c
 618 03d4 0E       		.uleb128 0xe
 619 03d5 F6010000 		.4byte	.LASF61
 620 03d9 06       		.byte	0x6
 621 03da DB       		.byte	0xdb
 622 03db 9C000000 		.4byte	0x9c
 623 03df 50       		.byte	0x50
 624 03e0 0E       		.uleb128 0xe
 625 03e1 69000000 		.4byte	.LASF62
 626 03e5 06       		.byte	0x6
 627 03e6 DE       		.byte	0xde
ARM GAS  C:\Users\afgou\AppData\Local\Temp\ccm69Nlg.s 			page 12


 628 03e7 2F040000 		.4byte	0x42f
 629 03eb 54       		.byte	0x54
 630 03ec 0E       		.uleb128 0xe
 631 03ed 50040000 		.4byte	.LASF63
 632 03f1 06       		.byte	0x6
 633 03f2 E2       		.byte	0xe2
 634 03f3 19010000 		.4byte	0x119
 635 03f7 58       		.byte	0x58
 636 03f8 0E       		.uleb128 0xe
 637 03f9 4D050000 		.4byte	.LASF64
 638 03fd 06       		.byte	0x6
 639 03fe E4       		.byte	0xe4
 640 03ff 0E010000 		.4byte	0x10e
 641 0403 5C       		.byte	0x5c
 642 0404 0E       		.uleb128 0xe
 643 0405 5D040000 		.4byte	.LASF65
 644 0409 06       		.byte	0x6
 645 040a E5       		.byte	0xe5
 646 040b 6F000000 		.4byte	0x6f
 647 040f 64       		.byte	0x64
 648 0410 00       		.byte	0
 649 0411 14       		.uleb128 0x14
 650 0412 6F000000 		.4byte	0x6f
 651 0416 2F040000 		.4byte	0x42f
 652 041a 15       		.uleb128 0x15
 653 041b 2F040000 		.4byte	0x42f
 654 041f 15       		.uleb128 0x15
 655 0420 84000000 		.4byte	0x84
 656 0424 15       		.uleb128 0x15
 657 0425 6C050000 		.4byte	0x56c
 658 0429 15       		.uleb128 0x15
 659 042a 6F000000 		.4byte	0x6f
 660 042e 00       		.byte	0
 661 042f 06       		.uleb128 0x6
 662 0430 04       		.byte	0x4
 663 0431 3A040000 		.4byte	0x43a
 664 0435 16       		.uleb128 0x16
 665 0436 2F040000 		.4byte	0x42f
 666 043a 17       		.uleb128 0x17
 667 043b BC050000 		.4byte	.LASF66
 668 043f 2804     		.2byte	0x428
 669 0441 06       		.byte	0x6
 670 0442 3902     		.2byte	0x239
 671 0444 6C050000 		.4byte	0x56c
 672 0448 18       		.uleb128 0x18
 673 0449 02060000 		.4byte	.LASF67
 674 044d 06       		.byte	0x6
 675 044e 3B02     		.2byte	0x23b
 676 0450 6F000000 		.4byte	0x6f
 677 0454 00       		.byte	0
 678 0455 18       		.uleb128 0x18
 679 0456 51010000 		.4byte	.LASF68
 680 045a 06       		.byte	0x6
 681 045b 4002     		.2byte	0x240
 682 045d 53060000 		.4byte	0x653
 683 0461 04       		.byte	0x4
 684 0462 18       		.uleb128 0x18
ARM GAS  C:\Users\afgou\AppData\Local\Temp\ccm69Nlg.s 			page 13


 685 0463 C5030000 		.4byte	.LASF69
 686 0467 06       		.byte	0x6
 687 0468 4002     		.2byte	0x240
 688 046a 53060000 		.4byte	0x653
 689 046e 08       		.byte	0x8
 690 046f 18       		.uleb128 0x18
 691 0470 39020000 		.4byte	.LASF70
 692 0474 06       		.byte	0x6
 693 0475 4002     		.2byte	0x240
 694 0477 53060000 		.4byte	0x653
 695 047b 0C       		.byte	0xc
 696 047c 18       		.uleb128 0x18
 697 047d 6E050000 		.4byte	.LASF71
 698 0481 06       		.byte	0x6
 699 0482 4202     		.2byte	0x242
 700 0484 6F000000 		.4byte	0x6f
 701 0488 10       		.byte	0x10
 702 0489 18       		.uleb128 0x18
 703 048a 47000000 		.4byte	.LASF72
 704 048e 06       		.byte	0x6
 705 048f 4302     		.2byte	0x243
 706 0491 35080000 		.4byte	0x835
 707 0495 14       		.byte	0x14
 708 0496 18       		.uleb128 0x18
 709 0497 8A050000 		.4byte	.LASF73
 710 049b 06       		.byte	0x6
 711 049c 4602     		.2byte	0x246
 712 049e 6F000000 		.4byte	0x6f
 713 04a2 30       		.byte	0x30
 714 04a3 18       		.uleb128 0x18
 715 04a4 78050000 		.4byte	.LASF74
 716 04a8 06       		.byte	0x6
 717 04a9 4702     		.2byte	0x247
 718 04ab 4A080000 		.4byte	0x84a
 719 04af 34       		.byte	0x34
 720 04b0 18       		.uleb128 0x18
 721 04b1 B9040000 		.4byte	.LASF75
 722 04b5 06       		.byte	0x6
 723 04b6 4902     		.2byte	0x249
 724 04b8 6F000000 		.4byte	0x6f
 725 04bc 38       		.byte	0x38
 726 04bd 18       		.uleb128 0x18
 727 04be 80050000 		.4byte	.LASF76
 728 04c2 06       		.byte	0x6
 729 04c3 4B02     		.2byte	0x24b
 730 04c5 5B080000 		.4byte	0x85b
 731 04c9 3C       		.byte	0x3c
 732 04ca 18       		.uleb128 0x18
 733 04cb 29040000 		.4byte	.LASF77
 734 04cf 06       		.byte	0x6
 735 04d0 4E02     		.2byte	0x24e
 736 04d2 82010000 		.4byte	0x182
 737 04d6 40       		.byte	0x40
 738 04d7 18       		.uleb128 0x18
 739 04d8 5E020000 		.4byte	.LASF78
 740 04dc 06       		.byte	0x6
 741 04dd 4F02     		.2byte	0x24f
ARM GAS  C:\Users\afgou\AppData\Local\Temp\ccm69Nlg.s 			page 14


 742 04df 6F000000 		.4byte	0x6f
 743 04e3 44       		.byte	0x44
 744 04e4 18       		.uleb128 0x18
 745 04e5 F2060000 		.4byte	.LASF79
 746 04e9 06       		.byte	0x6
 747 04ea 5002     		.2byte	0x250
 748 04ec 82010000 		.4byte	0x182
 749 04f0 48       		.byte	0x48
 750 04f1 18       		.uleb128 0x18
 751 04f2 DE040000 		.4byte	.LASF80
 752 04f6 06       		.byte	0x6
 753 04f7 5102     		.2byte	0x251
 754 04f9 61080000 		.4byte	0x861
 755 04fd 4C       		.byte	0x4c
 756 04fe 18       		.uleb128 0x18
 757 04ff CD030000 		.4byte	.LASF81
 758 0503 06       		.byte	0x6
 759 0504 5402     		.2byte	0x254
 760 0506 6F000000 		.4byte	0x6f
 761 050a 50       		.byte	0x50
 762 050b 18       		.uleb128 0x18
 763 050c EE010000 		.4byte	.LASF82
 764 0510 06       		.byte	0x6
 765 0511 5502     		.2byte	0x255
 766 0513 6C050000 		.4byte	0x56c
 767 0517 54       		.byte	0x54
 768 0518 18       		.uleb128 0x18
 769 0519 04050000 		.4byte	.LASF83
 770 051d 06       		.byte	0x6
 771 051e 7802     		.2byte	0x278
 772 0520 13080000 		.4byte	0x813
 773 0524 58       		.byte	0x58
 774 0525 19       		.uleb128 0x19
 775 0526 A7040000 		.4byte	.LASF43
 776 052a 06       		.byte	0x6
 777 052b 7C02     		.2byte	0x27c
 778 052d 9F020000 		.4byte	0x29f
 779 0531 4801     		.2byte	0x148
 780 0533 19       		.uleb128 0x19
 781 0534 07040000 		.4byte	.LASF84
 782 0538 06       		.byte	0x6
 783 0539 7D02     		.2byte	0x27d
 784 053b 61020000 		.4byte	0x261
 785 053f 4C01     		.2byte	0x14c
 786 0541 19       		.uleb128 0x19
 787 0542 A6060000 		.4byte	.LASF85
 788 0546 06       		.byte	0x6
 789 0547 8102     		.2byte	0x281
 790 0549 72080000 		.4byte	0x872
 791 054d DC02     		.2byte	0x2dc
 792 054f 19       		.uleb128 0x19
 793 0550 31010000 		.4byte	.LASF86
 794 0554 06       		.byte	0x6
 795 0555 8602     		.2byte	0x286
 796 0557 18060000 		.4byte	0x618
 797 055b E002     		.2byte	0x2e0
 798 055d 19       		.uleb128 0x19
ARM GAS  C:\Users\afgou\AppData\Local\Temp\ccm69Nlg.s 			page 15


 799 055e 16010000 		.4byte	.LASF87
 800 0562 06       		.byte	0x6
 801 0563 8802     		.2byte	0x288
 802 0565 7E080000 		.4byte	0x87e
 803 0569 EC02     		.2byte	0x2ec
 804 056b 00       		.byte	0
 805 056c 06       		.uleb128 0x6
 806 056d 04       		.byte	0x4
 807 056e 72050000 		.4byte	0x572
 808 0572 02       		.uleb128 0x2
 809 0573 01       		.byte	0x1
 810 0574 08       		.byte	0x8
 811 0575 09060000 		.4byte	.LASF88
 812 0579 16       		.uleb128 0x16
 813 057a 72050000 		.4byte	0x572
 814 057e 06       		.uleb128 0x6
 815 057f 04       		.byte	0x4
 816 0580 11040000 		.4byte	0x411
 817 0584 14       		.uleb128 0x14
 818 0585 6F000000 		.4byte	0x6f
 819 0589 A2050000 		.4byte	0x5a2
 820 058d 15       		.uleb128 0x15
 821 058e 2F040000 		.4byte	0x42f
 822 0592 15       		.uleb128 0x15
 823 0593 84000000 		.4byte	0x84
 824 0597 15       		.uleb128 0x15
 825 0598 A2050000 		.4byte	0x5a2
 826 059c 15       		.uleb128 0x15
 827 059d 6F000000 		.4byte	0x6f
 828 05a1 00       		.byte	0
 829 05a2 06       		.uleb128 0x6
 830 05a3 04       		.byte	0x4
 831 05a4 79050000 		.4byte	0x579
 832 05a8 06       		.uleb128 0x6
 833 05a9 04       		.byte	0x4
 834 05aa 84050000 		.4byte	0x584
 835 05ae 14       		.uleb128 0x14
 836 05af A7000000 		.4byte	0xa7
 837 05b3 CC050000 		.4byte	0x5cc
 838 05b7 15       		.uleb128 0x15
 839 05b8 2F040000 		.4byte	0x42f
 840 05bc 15       		.uleb128 0x15
 841 05bd 84000000 		.4byte	0x84
 842 05c1 15       		.uleb128 0x15
 843 05c2 A7000000 		.4byte	0xa7
 844 05c6 15       		.uleb128 0x15
 845 05c7 6F000000 		.4byte	0x6f
 846 05cb 00       		.byte	0
 847 05cc 06       		.uleb128 0x6
 848 05cd 04       		.byte	0x4
 849 05ce AE050000 		.4byte	0x5ae
 850 05d2 14       		.uleb128 0x14
 851 05d3 6F000000 		.4byte	0x6f
 852 05d7 E6050000 		.4byte	0x5e6
 853 05db 15       		.uleb128 0x15
 854 05dc 2F040000 		.4byte	0x42f
 855 05e0 15       		.uleb128 0x15
ARM GAS  C:\Users\afgou\AppData\Local\Temp\ccm69Nlg.s 			page 16


 856 05e1 84000000 		.4byte	0x84
 857 05e5 00       		.byte	0
 858 05e6 06       		.uleb128 0x6
 859 05e7 04       		.byte	0x4
 860 05e8 D2050000 		.4byte	0x5d2
 861 05ec 0B       		.uleb128 0xb
 862 05ed 3E000000 		.4byte	0x3e
 863 05f1 FC050000 		.4byte	0x5fc
 864 05f5 0C       		.uleb128 0xc
 865 05f6 76000000 		.4byte	0x76
 866 05fa 02       		.byte	0x2
 867 05fb 00       		.byte	0
 868 05fc 0B       		.uleb128 0xb
 869 05fd 3E000000 		.4byte	0x3e
 870 0601 0C060000 		.4byte	0x60c
 871 0605 0C       		.uleb128 0xc
 872 0606 76000000 		.4byte	0x76
 873 060a 00       		.byte	0
 874 060b 00       		.byte	0
 875 060c 08       		.uleb128 0x8
 876 060d 33050000 		.4byte	.LASF89
 877 0611 06       		.byte	0x6
 878 0612 1F01     		.2byte	0x11f
 879 0614 E7020000 		.4byte	0x2e7
 880 0618 1A       		.uleb128 0x1a
 881 0619 8D060000 		.4byte	.LASF90
 882 061d 0C       		.byte	0xc
 883 061e 06       		.byte	0x6
 884 061f 2301     		.2byte	0x123
 885 0621 4D060000 		.4byte	0x64d
 886 0625 18       		.uleb128 0x18
 887 0626 2F060000 		.4byte	.LASF23
 888 062a 06       		.byte	0x6
 889 062b 2501     		.2byte	0x125
 890 062d 4D060000 		.4byte	0x64d
 891 0631 00       		.byte	0
 892 0632 18       		.uleb128 0x18
 893 0633 ED030000 		.4byte	.LASF91
 894 0637 06       		.byte	0x6
 895 0638 2601     		.2byte	0x126
 896 063a 6F000000 		.4byte	0x6f
 897 063e 04       		.byte	0x4
 898 063f 18       		.uleb128 0x18
 899 0640 2D050000 		.4byte	.LASF92
 900 0644 06       		.byte	0x6
 901 0645 2701     		.2byte	0x127
 902 0647 53060000 		.4byte	0x653
 903 064b 08       		.byte	0x8
 904 064c 00       		.byte	0
 905 064d 06       		.uleb128 0x6
 906 064e 04       		.byte	0x4
 907 064f 18060000 		.4byte	0x618
 908 0653 06       		.uleb128 0x6
 909 0654 04       		.byte	0x4
 910 0655 0C060000 		.4byte	0x60c
 911 0659 1A       		.uleb128 0x1a
 912 065a 3F000000 		.4byte	.LASF93
ARM GAS  C:\Users\afgou\AppData\Local\Temp\ccm69Nlg.s 			page 17


 913 065e 0E       		.byte	0xe
 914 065f 06       		.byte	0x6
 915 0660 3F01     		.2byte	0x13f
 916 0662 8E060000 		.4byte	0x68e
 917 0666 18       		.uleb128 0x18
 918 0667 C3050000 		.4byte	.LASF94
 919 066b 06       		.byte	0x6
 920 066c 4001     		.2byte	0x140
 921 066e 8E060000 		.4byte	0x68e
 922 0672 00       		.byte	0
 923 0673 18       		.uleb128 0x18
 924 0674 1F060000 		.4byte	.LASF95
 925 0678 06       		.byte	0x6
 926 0679 4101     		.2byte	0x141
 927 067b 8E060000 		.4byte	0x68e
 928 067f 06       		.byte	0x6
 929 0680 18       		.uleb128 0x18
 930 0681 4B060000 		.4byte	.LASF96
 931 0685 06       		.byte	0x6
 932 0686 4201     		.2byte	0x142
 933 0688 4C000000 		.4byte	0x4c
 934 068c 0C       		.byte	0xc
 935 068d 00       		.byte	0
 936 068e 0B       		.uleb128 0xb
 937 068f 4C000000 		.4byte	0x4c
 938 0693 9E060000 		.4byte	0x69e
 939 0697 0C       		.uleb128 0xc
 940 0698 76000000 		.4byte	0x76
 941 069c 02       		.byte	0x2
 942 069d 00       		.byte	0
 943 069e 1B       		.uleb128 0x1b
 944 069f D0       		.byte	0xd0
 945 06a0 06       		.byte	0x6
 946 06a1 5902     		.2byte	0x259
 947 06a3 9F070000 		.4byte	0x79f
 948 06a7 18       		.uleb128 0x18
 949 06a8 71060000 		.4byte	.LASF97
 950 06ac 06       		.byte	0x6
 951 06ad 5B02     		.2byte	0x25b
 952 06af 76000000 		.4byte	0x76
 953 06b3 00       		.byte	0
 954 06b4 18       		.uleb128 0x18
 955 06b5 35060000 		.4byte	.LASF98
 956 06b9 06       		.byte	0x6
 957 06ba 5C02     		.2byte	0x25c
 958 06bc 6C050000 		.4byte	0x56c
 959 06c0 04       		.byte	0x4
 960 06c1 18       		.uleb128 0x18
 961 06c2 1C040000 		.4byte	.LASF99
 962 06c6 06       		.byte	0x6
 963 06c7 5D02     		.2byte	0x25d
 964 06c9 9F070000 		.4byte	0x79f
 965 06cd 08       		.byte	0x8
 966 06ce 18       		.uleb128 0x18
 967 06cf C9060000 		.4byte	.LASF100
 968 06d3 06       		.byte	0x6
 969 06d4 5E02     		.2byte	0x25e
ARM GAS  C:\Users\afgou\AppData\Local\Temp\ccm69Nlg.s 			page 18


 970 06d6 98010000 		.4byte	0x198
 971 06da 24       		.byte	0x24
 972 06db 18       		.uleb128 0x18
 973 06dc 49020000 		.4byte	.LASF101
 974 06e0 06       		.byte	0x6
 975 06e1 5F02     		.2byte	0x25f
 976 06e3 6F000000 		.4byte	0x6f
 977 06e7 48       		.byte	0x48
 978 06e8 18       		.uleb128 0x18
 979 06e9 56050000 		.4byte	.LASF102
 980 06ed 06       		.byte	0x6
 981 06ee 6002     		.2byte	0x260
 982 06f0 68000000 		.4byte	0x68
 983 06f4 50       		.byte	0x50
 984 06f5 18       		.uleb128 0x18
 985 06f6 DF060000 		.4byte	.LASF103
 986 06fa 06       		.byte	0x6
 987 06fb 6102     		.2byte	0x261
 988 06fd 59060000 		.4byte	0x659
 989 0701 58       		.byte	0x58
 990 0702 18       		.uleb128 0x18
 991 0703 61050000 		.4byte	.LASF104
 992 0707 06       		.byte	0x6
 993 0708 6202     		.2byte	0x262
 994 070a 0E010000 		.4byte	0x10e
 995 070e 68       		.byte	0x68
 996 070f 18       		.uleb128 0x18
 997 0710 E4060000 		.4byte	.LASF105
 998 0714 06       		.byte	0x6
 999 0715 6302     		.2byte	0x263
 1000 0717 0E010000 		.4byte	0x10e
 1001 071b 70       		.byte	0x70
 1002 071c 18       		.uleb128 0x18
 1003 071d E8040000 		.4byte	.LASF106
 1004 0721 06       		.byte	0x6
 1005 0722 6402     		.2byte	0x264
 1006 0724 0E010000 		.4byte	0x10e
 1007 0728 78       		.byte	0x78
 1008 0729 18       		.uleb128 0x18
 1009 072a 9C060000 		.4byte	.LASF107
 1010 072e 06       		.byte	0x6
 1011 072f 6502     		.2byte	0x265
 1012 0731 AF070000 		.4byte	0x7af
 1013 0735 80       		.byte	0x80
 1014 0736 18       		.uleb128 0x18
 1015 0737 10040000 		.4byte	.LASF108
 1016 073b 06       		.byte	0x6
 1017 073c 6602     		.2byte	0x266
 1018 073e BF070000 		.4byte	0x7bf
 1019 0742 88       		.byte	0x88
 1020 0743 18       		.uleb128 0x18
 1021 0744 5C000000 		.4byte	.LASF109
 1022 0748 06       		.byte	0x6
 1023 0749 6702     		.2byte	0x267
 1024 074b 6F000000 		.4byte	0x6f
 1025 074f A0       		.byte	0xa0
 1026 0750 18       		.uleb128 0x18
ARM GAS  C:\Users\afgou\AppData\Local\Temp\ccm69Nlg.s 			page 19


 1027 0751 0F020000 		.4byte	.LASF110
 1028 0755 06       		.byte	0x6
 1029 0756 6802     		.2byte	0x268
 1030 0758 0E010000 		.4byte	0x10e
 1031 075c A4       		.byte	0xa4
 1032 075d 18       		.uleb128 0x18
 1033 075e C6000000 		.4byte	.LASF111
 1034 0762 06       		.byte	0x6
 1035 0763 6902     		.2byte	0x269
 1036 0765 0E010000 		.4byte	0x10e
 1037 0769 AC       		.byte	0xac
 1038 076a 18       		.uleb128 0x18
 1039 076b FE010000 		.4byte	.LASF112
 1040 076f 06       		.byte	0x6
 1041 0770 6A02     		.2byte	0x26a
 1042 0772 0E010000 		.4byte	0x10e
 1043 0776 B4       		.byte	0xb4
 1044 0777 18       		.uleb128 0x18
 1045 0778 7B000000 		.4byte	.LASF113
 1046 077c 06       		.byte	0x6
 1047 077d 6B02     		.2byte	0x26b
 1048 077f 0E010000 		.4byte	0x10e
 1049 0783 BC       		.byte	0xbc
 1050 0784 18       		.uleb128 0x18
 1051 0785 8A000000 		.4byte	.LASF114
 1052 0789 06       		.byte	0x6
 1053 078a 6C02     		.2byte	0x26c
 1054 078c 0E010000 		.4byte	0x10e
 1055 0790 C4       		.byte	0xc4
 1056 0791 18       		.uleb128 0x18
 1057 0792 09050000 		.4byte	.LASF115
 1058 0796 06       		.byte	0x6
 1059 0797 6D02     		.2byte	0x26d
 1060 0799 6F000000 		.4byte	0x6f
 1061 079d CC       		.byte	0xcc
 1062 079e 00       		.byte	0
 1063 079f 0B       		.uleb128 0xb
 1064 07a0 72050000 		.4byte	0x572
 1065 07a4 AF070000 		.4byte	0x7af
 1066 07a8 0C       		.uleb128 0xc
 1067 07a9 76000000 		.4byte	0x76
 1068 07ad 19       		.byte	0x19
 1069 07ae 00       		.byte	0
 1070 07af 0B       		.uleb128 0xb
 1071 07b0 72050000 		.4byte	0x572
 1072 07b4 BF070000 		.4byte	0x7bf
 1073 07b8 0C       		.uleb128 0xc
 1074 07b9 76000000 		.4byte	0x76
 1075 07bd 07       		.byte	0x7
 1076 07be 00       		.byte	0
 1077 07bf 0B       		.uleb128 0xb
 1078 07c0 72050000 		.4byte	0x572
 1079 07c4 CF070000 		.4byte	0x7cf
 1080 07c8 0C       		.uleb128 0xc
 1081 07c9 76000000 		.4byte	0x76
 1082 07cd 17       		.byte	0x17
 1083 07ce 00       		.byte	0
ARM GAS  C:\Users\afgou\AppData\Local\Temp\ccm69Nlg.s 			page 20


 1084 07cf 1B       		.uleb128 0x1b
 1085 07d0 F0       		.byte	0xf0
 1086 07d1 06       		.byte	0x6
 1087 07d2 7202     		.2byte	0x272
 1088 07d4 F3070000 		.4byte	0x7f3
 1089 07d8 18       		.uleb128 0x18
 1090 07d9 8E040000 		.4byte	.LASF116
 1091 07dd 06       		.byte	0x6
 1092 07de 7502     		.2byte	0x275
 1093 07e0 F3070000 		.4byte	0x7f3
 1094 07e4 00       		.byte	0
 1095 07e5 18       		.uleb128 0x18
 1096 07e6 93060000 		.4byte	.LASF117
 1097 07ea 06       		.byte	0x6
 1098 07eb 7602     		.2byte	0x276
 1099 07ed 03080000 		.4byte	0x803
 1100 07f1 78       		.byte	0x78
 1101 07f2 00       		.byte	0
 1102 07f3 0B       		.uleb128 0xb
 1103 07f4 E1020000 		.4byte	0x2e1
 1104 07f8 03080000 		.4byte	0x803
 1105 07fc 0C       		.uleb128 0xc
 1106 07fd 76000000 		.4byte	0x76
 1107 0801 1D       		.byte	0x1d
 1108 0802 00       		.byte	0
 1109 0803 0B       		.uleb128 0xb
 1110 0804 76000000 		.4byte	0x76
 1111 0808 13080000 		.4byte	0x813
 1112 080c 0C       		.uleb128 0xc
 1113 080d 76000000 		.4byte	0x76
 1114 0811 1D       		.byte	0x1d
 1115 0812 00       		.byte	0
 1116 0813 1C       		.uleb128 0x1c
 1117 0814 F0       		.byte	0xf0
 1118 0815 06       		.byte	0x6
 1119 0816 5702     		.2byte	0x257
 1120 0818 35080000 		.4byte	0x835
 1121 081c 1D       		.uleb128 0x1d
 1122 081d BC050000 		.4byte	.LASF66
 1123 0821 06       		.byte	0x6
 1124 0822 6E02     		.2byte	0x26e
 1125 0824 9E060000 		.4byte	0x69e
 1126 0828 1D       		.uleb128 0x1d
 1127 0829 B6060000 		.4byte	.LASF118
 1128 082d 06       		.byte	0x6
 1129 082e 7702     		.2byte	0x277
 1130 0830 CF070000 		.4byte	0x7cf
 1131 0834 00       		.byte	0
 1132 0835 0B       		.uleb128 0xb
 1133 0836 72050000 		.4byte	0x572
 1134 083a 45080000 		.4byte	0x845
 1135 083e 0C       		.uleb128 0xc
 1136 083f 76000000 		.4byte	0x76
 1137 0843 18       		.byte	0x18
 1138 0844 00       		.byte	0
 1139 0845 07       		.uleb128 0x7
 1140 0846 BB000000 		.4byte	.LASF120
ARM GAS  C:\Users\afgou\AppData\Local\Temp\ccm69Nlg.s 			page 21


 1141 084a 06       		.uleb128 0x6
 1142 084b 04       		.byte	0x4
 1143 084c 45080000 		.4byte	0x845
 1144 0850 1E       		.uleb128 0x1e
 1145 0851 5B080000 		.4byte	0x85b
 1146 0855 15       		.uleb128 0x15
 1147 0856 2F040000 		.4byte	0x42f
 1148 085a 00       		.byte	0
 1149 085b 06       		.uleb128 0x6
 1150 085c 04       		.byte	0x4
 1151 085d 50080000 		.4byte	0x850
 1152 0861 06       		.uleb128 0x6
 1153 0862 04       		.byte	0x4
 1154 0863 82010000 		.4byte	0x182
 1155 0867 1E       		.uleb128 0x1e
 1156 0868 72080000 		.4byte	0x872
 1157 086c 15       		.uleb128 0x15
 1158 086d 6F000000 		.4byte	0x6f
 1159 0871 00       		.byte	0
 1160 0872 06       		.uleb128 0x6
 1161 0873 04       		.byte	0x4
 1162 0874 78080000 		.4byte	0x878
 1163 0878 06       		.uleb128 0x6
 1164 0879 04       		.byte	0x4
 1165 087a 67080000 		.4byte	0x867
 1166 087e 0B       		.uleb128 0xb
 1167 087f 0C060000 		.4byte	0x60c
 1168 0883 8E080000 		.4byte	0x88e
 1169 0887 0C       		.uleb128 0xc
 1170 0888 76000000 		.4byte	0x76
 1171 088c 02       		.byte	0x2
 1172 088d 00       		.byte	0
 1173 088e 1F       		.uleb128 0x1f
 1174 088f EE050000 		.4byte	.LASF121
 1175 0893 06       		.byte	0x6
 1176 0894 0703     		.2byte	0x307
 1177 0896 2F040000 		.4byte	0x42f
 1178 089a 1F       		.uleb128 0x1f
 1179 089b 5E060000 		.4byte	.LASF122
 1180 089f 06       		.byte	0x6
 1181 08a0 0803     		.2byte	0x308
 1182 08a2 35040000 		.4byte	0x435
 1183 08a6 03       		.uleb128 0x3
 1184 08a7 17060000 		.4byte	.LASF123
 1185 08ab 07       		.byte	0x7
 1186 08ac 18       		.byte	0x18
 1187 08ad 33000000 		.4byte	0x33
 1188 08b1 20       		.uleb128 0x20
 1189 08b2 AF040000 		.4byte	.LASF124
 1190 08b6 08       		.byte	0x8
 1191 08b7 63       		.byte	0x63
 1192 08b8 6C050000 		.4byte	0x56c
 1193 08bc 0F       		.uleb128 0xf
 1194 08bd 37040000 		.4byte	.LASF125
 1195 08c1 0C       		.byte	0xc
 1196 08c2 09       		.byte	0x9
 1197 08c3 0D       		.byte	0xd
ARM GAS  C:\Users\afgou\AppData\Local\Temp\ccm69Nlg.s 			page 22


 1198 08c4 ED080000 		.4byte	0x8ed
 1199 08c8 0E       		.uleb128 0xe
 1200 08c9 76040000 		.4byte	.LASF126
 1201 08cd 09       		.byte	0x9
 1202 08ce 0F       		.byte	0xf
 1203 08cf A6080000 		.4byte	0x8a6
 1204 08d3 00       		.byte	0
 1205 08d4 0E       		.uleb128 0xe
 1206 08d5 27000000 		.4byte	.LASF127
 1207 08d9 09       		.byte	0x9
 1208 08da 10       		.byte	0x10
 1209 08db 25000000 		.4byte	0x25
 1210 08df 04       		.byte	0x4
 1211 08e0 0E       		.uleb128 0xe
 1212 08e1 30000000 		.4byte	.LASF128
 1213 08e5 09       		.byte	0x9
 1214 08e6 10       		.byte	0x10
 1215 08e7 25000000 		.4byte	0x25
 1216 08eb 08       		.byte	0x8
 1217 08ec 00       		.byte	0
 1218 08ed 03       		.uleb128 0x3
 1219 08ee 25060000 		.4byte	.LASF129
 1220 08f2 09       		.byte	0x9
 1221 08f3 11       		.byte	0x11
 1222 08f4 BC080000 		.4byte	0x8bc
 1223 08f8 21       		.uleb128 0x21
 1224 08f9 05       		.byte	0x5
 1225 08fa 01       		.byte	0x1
 1226 08fb 2C000000 		.4byte	0x2c
 1227 08ff 01       		.byte	0x1
 1228 0900 10       		.byte	0x10
 1229 0901 12090000 		.4byte	0x912
 1230 0905 22       		.uleb128 0x22
 1231 0906 56040000 		.4byte	.LASF130
 1232 090a 7F       		.sleb128 -1
 1233 090b 23       		.uleb128 0x23
 1234 090c 95040000 		.4byte	.LASF131
 1235 0910 00       		.byte	0
 1236 0911 00       		.byte	0
 1237 0912 24       		.uleb128 0x24
 1238 0913 0C000000 		.4byte	.LASF139
 1239 0917 01       		.byte	0x1
 1240 0918 17       		.byte	0x17
 1241 0919 6F000000 		.4byte	0x6f
 1242 091d 00000000 		.4byte	.LFB3
 1243 0921 88000000 		.4byte	.LFE3-.LFB3
 1244 0925 01       		.uleb128 0x1
 1245 0926 9C       		.byte	0x9c
 1246 0927 80090000 		.4byte	0x980
 1247 092b 25       		.uleb128 0x25
 1248 092c 04010000 		.4byte	.LASF132
 1249 0930 01       		.byte	0x1
 1250 0931 17       		.byte	0x17
 1251 0932 80090000 		.4byte	0x980
 1252 0936 00000000 		.4byte	.LLST0
 1253 093a 25       		.uleb128 0x25
 1254 093b CB040000 		.4byte	.LASF133
ARM GAS  C:\Users\afgou\AppData\Local\Temp\ccm69Nlg.s 			page 23


 1255 093f 01       		.byte	0x1
 1256 0940 17       		.byte	0x17
 1257 0941 6F000000 		.4byte	0x6f
 1258 0945 3A000000 		.4byte	.LLST1
 1259 0949 25       		.uleb128 0x25
 1260 094a 58010000 		.4byte	.LASF134
 1261 094e 01       		.byte	0x1
 1262 094f 17       		.byte	0x17
 1263 0950 25000000 		.4byte	0x25
 1264 0954 81000000 		.4byte	.LLST2
 1265 0958 25       		.uleb128 0x25
 1266 0959 6F000000 		.4byte	.LASF135
 1267 095d 01       		.byte	0x1
 1268 095e 17       		.byte	0x17
 1269 095f 25000000 		.4byte	0x25
 1270 0963 A5000000 		.4byte	.LLST3
 1271 0967 26       		.uleb128 0x26
 1272 0968 58060000 		.4byte	.LASF140
 1273 096c 01       		.byte	0x1
 1274 096d 19       		.byte	0x19
 1275 096e 6F000000 		.4byte	0x6f
 1276 0972 C9000000 		.4byte	.LLST4
 1277 0976 27       		.uleb128 0x27
 1278 0977 7E000000 		.4byte	.LVL10
 1279 097b 86090000 		.4byte	0x986
 1280 097f 00       		.byte	0
 1281 0980 06       		.uleb128 0x6
 1282 0981 04       		.byte	0x4
 1283 0982 ED080000 		.4byte	0x8ed
 1284 0986 28       		.uleb128 0x28
 1285 0987 A3050000 		.4byte	.LASF141
 1286 098b A3050000 		.4byte	.LASF141
 1287 098f 00       		.byte	0
 1288              		.section	.debug_abbrev,"",%progbits
 1289              	.Ldebug_abbrev0:
 1290 0000 01       		.uleb128 0x1
 1291 0001 11       		.uleb128 0x11
 1292 0002 01       		.byte	0x1
 1293 0003 25       		.uleb128 0x25
 1294 0004 0E       		.uleb128 0xe
 1295 0005 13       		.uleb128 0x13
 1296 0006 0B       		.uleb128 0xb
 1297 0007 03       		.uleb128 0x3
 1298 0008 0E       		.uleb128 0xe
 1299 0009 1B       		.uleb128 0x1b
 1300 000a 0E       		.uleb128 0xe
 1301 000b 55       		.uleb128 0x55
 1302 000c 17       		.uleb128 0x17
 1303 000d 11       		.uleb128 0x11
 1304 000e 01       		.uleb128 0x1
 1305 000f 10       		.uleb128 0x10
 1306 0010 17       		.uleb128 0x17
 1307 0011 00       		.byte	0
 1308 0012 00       		.byte	0
 1309 0013 02       		.uleb128 0x2
 1310 0014 24       		.uleb128 0x24
 1311 0015 00       		.byte	0
ARM GAS  C:\Users\afgou\AppData\Local\Temp\ccm69Nlg.s 			page 24


 1312 0016 0B       		.uleb128 0xb
 1313 0017 0B       		.uleb128 0xb
 1314 0018 3E       		.uleb128 0x3e
 1315 0019 0B       		.uleb128 0xb
 1316 001a 03       		.uleb128 0x3
 1317 001b 0E       		.uleb128 0xe
 1318 001c 00       		.byte	0
 1319 001d 00       		.byte	0
 1320 001e 03       		.uleb128 0x3
 1321 001f 16       		.uleb128 0x16
 1322 0020 00       		.byte	0
 1323 0021 03       		.uleb128 0x3
 1324 0022 0E       		.uleb128 0xe
 1325 0023 3A       		.uleb128 0x3a
 1326 0024 0B       		.uleb128 0xb
 1327 0025 3B       		.uleb128 0x3b
 1328 0026 0B       		.uleb128 0xb
 1329 0027 49       		.uleb128 0x49
 1330 0028 13       		.uleb128 0x13
 1331 0029 00       		.byte	0
 1332 002a 00       		.byte	0
 1333 002b 04       		.uleb128 0x4
 1334 002c 24       		.uleb128 0x24
 1335 002d 00       		.byte	0
 1336 002e 0B       		.uleb128 0xb
 1337 002f 0B       		.uleb128 0xb
 1338 0030 3E       		.uleb128 0x3e
 1339 0031 0B       		.uleb128 0xb
 1340 0032 03       		.uleb128 0x3
 1341 0033 08       		.uleb128 0x8
 1342 0034 00       		.byte	0
 1343 0035 00       		.byte	0
 1344 0036 05       		.uleb128 0x5
 1345 0037 0F       		.uleb128 0xf
 1346 0038 00       		.byte	0
 1347 0039 0B       		.uleb128 0xb
 1348 003a 0B       		.uleb128 0xb
 1349 003b 00       		.byte	0
 1350 003c 00       		.byte	0
 1351 003d 06       		.uleb128 0x6
 1352 003e 0F       		.uleb128 0xf
 1353 003f 00       		.byte	0
 1354 0040 0B       		.uleb128 0xb
 1355 0041 0B       		.uleb128 0xb
 1356 0042 49       		.uleb128 0x49
 1357 0043 13       		.uleb128 0x13
 1358 0044 00       		.byte	0
 1359 0045 00       		.byte	0
 1360 0046 07       		.uleb128 0x7
 1361 0047 13       		.uleb128 0x13
 1362 0048 00       		.byte	0
 1363 0049 03       		.uleb128 0x3
 1364 004a 0E       		.uleb128 0xe
 1365 004b 3C       		.uleb128 0x3c
 1366 004c 19       		.uleb128 0x19
 1367 004d 00       		.byte	0
 1368 004e 00       		.byte	0
ARM GAS  C:\Users\afgou\AppData\Local\Temp\ccm69Nlg.s 			page 25


 1369 004f 08       		.uleb128 0x8
 1370 0050 16       		.uleb128 0x16
 1371 0051 00       		.byte	0
 1372 0052 03       		.uleb128 0x3
 1373 0053 0E       		.uleb128 0xe
 1374 0054 3A       		.uleb128 0x3a
 1375 0055 0B       		.uleb128 0xb
 1376 0056 3B       		.uleb128 0x3b
 1377 0057 05       		.uleb128 0x5
 1378 0058 49       		.uleb128 0x49
 1379 0059 13       		.uleb128 0x13
 1380 005a 00       		.byte	0
 1381 005b 00       		.byte	0
 1382 005c 09       		.uleb128 0x9
 1383 005d 17       		.uleb128 0x17
 1384 005e 01       		.byte	0x1
 1385 005f 0B       		.uleb128 0xb
 1386 0060 0B       		.uleb128 0xb
 1387 0061 3A       		.uleb128 0x3a
 1388 0062 0B       		.uleb128 0xb
 1389 0063 3B       		.uleb128 0x3b
 1390 0064 0B       		.uleb128 0xb
 1391 0065 01       		.uleb128 0x1
 1392 0066 13       		.uleb128 0x13
 1393 0067 00       		.byte	0
 1394 0068 00       		.byte	0
 1395 0069 0A       		.uleb128 0xa
 1396 006a 0D       		.uleb128 0xd
 1397 006b 00       		.byte	0
 1398 006c 03       		.uleb128 0x3
 1399 006d 0E       		.uleb128 0xe
 1400 006e 3A       		.uleb128 0x3a
 1401 006f 0B       		.uleb128 0xb
 1402 0070 3B       		.uleb128 0x3b
 1403 0071 0B       		.uleb128 0xb
 1404 0072 49       		.uleb128 0x49
 1405 0073 13       		.uleb128 0x13
 1406 0074 00       		.byte	0
 1407 0075 00       		.byte	0
 1408 0076 0B       		.uleb128 0xb
 1409 0077 01       		.uleb128 0x1
 1410 0078 01       		.byte	0x1
 1411 0079 49       		.uleb128 0x49
 1412 007a 13       		.uleb128 0x13
 1413 007b 01       		.uleb128 0x1
 1414 007c 13       		.uleb128 0x13
 1415 007d 00       		.byte	0
 1416 007e 00       		.byte	0
 1417 007f 0C       		.uleb128 0xc
 1418 0080 21       		.uleb128 0x21
 1419 0081 00       		.byte	0
 1420 0082 49       		.uleb128 0x49
 1421 0083 13       		.uleb128 0x13
 1422 0084 2F       		.uleb128 0x2f
 1423 0085 0B       		.uleb128 0xb
 1424 0086 00       		.byte	0
 1425 0087 00       		.byte	0
ARM GAS  C:\Users\afgou\AppData\Local\Temp\ccm69Nlg.s 			page 26


 1426 0088 0D       		.uleb128 0xd
 1427 0089 13       		.uleb128 0x13
 1428 008a 01       		.byte	0x1
 1429 008b 0B       		.uleb128 0xb
 1430 008c 0B       		.uleb128 0xb
 1431 008d 3A       		.uleb128 0x3a
 1432 008e 0B       		.uleb128 0xb
 1433 008f 3B       		.uleb128 0x3b
 1434 0090 0B       		.uleb128 0xb
 1435 0091 01       		.uleb128 0x1
 1436 0092 13       		.uleb128 0x13
 1437 0093 00       		.byte	0
 1438 0094 00       		.byte	0
 1439 0095 0E       		.uleb128 0xe
 1440 0096 0D       		.uleb128 0xd
 1441 0097 00       		.byte	0
 1442 0098 03       		.uleb128 0x3
 1443 0099 0E       		.uleb128 0xe
 1444 009a 3A       		.uleb128 0x3a
 1445 009b 0B       		.uleb128 0xb
 1446 009c 3B       		.uleb128 0x3b
 1447 009d 0B       		.uleb128 0xb
 1448 009e 49       		.uleb128 0x49
 1449 009f 13       		.uleb128 0x13
 1450 00a0 38       		.uleb128 0x38
 1451 00a1 0B       		.uleb128 0xb
 1452 00a2 00       		.byte	0
 1453 00a3 00       		.byte	0
 1454 00a4 0F       		.uleb128 0xf
 1455 00a5 13       		.uleb128 0x13
 1456 00a6 01       		.byte	0x1
 1457 00a7 03       		.uleb128 0x3
 1458 00a8 0E       		.uleb128 0xe
 1459 00a9 0B       		.uleb128 0xb
 1460 00aa 0B       		.uleb128 0xb
 1461 00ab 3A       		.uleb128 0x3a
 1462 00ac 0B       		.uleb128 0xb
 1463 00ad 3B       		.uleb128 0x3b
 1464 00ae 0B       		.uleb128 0xb
 1465 00af 01       		.uleb128 0x1
 1466 00b0 13       		.uleb128 0x13
 1467 00b1 00       		.byte	0
 1468 00b2 00       		.byte	0
 1469 00b3 10       		.uleb128 0x10
 1470 00b4 0D       		.uleb128 0xd
 1471 00b5 00       		.byte	0
 1472 00b6 03       		.uleb128 0x3
 1473 00b7 08       		.uleb128 0x8
 1474 00b8 3A       		.uleb128 0x3a
 1475 00b9 0B       		.uleb128 0xb
 1476 00ba 3B       		.uleb128 0x3b
 1477 00bb 0B       		.uleb128 0xb
 1478 00bc 49       		.uleb128 0x49
 1479 00bd 13       		.uleb128 0x13
 1480 00be 38       		.uleb128 0x38
 1481 00bf 0B       		.uleb128 0xb
 1482 00c0 00       		.byte	0
ARM GAS  C:\Users\afgou\AppData\Local\Temp\ccm69Nlg.s 			page 27


 1483 00c1 00       		.byte	0
 1484 00c2 11       		.uleb128 0x11
 1485 00c3 13       		.uleb128 0x13
 1486 00c4 01       		.byte	0x1
 1487 00c5 03       		.uleb128 0x3
 1488 00c6 0E       		.uleb128 0xe
 1489 00c7 0B       		.uleb128 0xb
 1490 00c8 05       		.uleb128 0x5
 1491 00c9 3A       		.uleb128 0x3a
 1492 00ca 0B       		.uleb128 0xb
 1493 00cb 3B       		.uleb128 0x3b
 1494 00cc 0B       		.uleb128 0xb
 1495 00cd 01       		.uleb128 0x1
 1496 00ce 13       		.uleb128 0x13
 1497 00cf 00       		.byte	0
 1498 00d0 00       		.byte	0
 1499 00d1 12       		.uleb128 0x12
 1500 00d2 0D       		.uleb128 0xd
 1501 00d3 00       		.byte	0
 1502 00d4 03       		.uleb128 0x3
 1503 00d5 0E       		.uleb128 0xe
 1504 00d6 3A       		.uleb128 0x3a
 1505 00d7 0B       		.uleb128 0xb
 1506 00d8 3B       		.uleb128 0x3b
 1507 00d9 0B       		.uleb128 0xb
 1508 00da 49       		.uleb128 0x49
 1509 00db 13       		.uleb128 0x13
 1510 00dc 38       		.uleb128 0x38
 1511 00dd 05       		.uleb128 0x5
 1512 00de 00       		.byte	0
 1513 00df 00       		.byte	0
 1514 00e0 13       		.uleb128 0x13
 1515 00e1 15       		.uleb128 0x15
 1516 00e2 00       		.byte	0
 1517 00e3 27       		.uleb128 0x27
 1518 00e4 19       		.uleb128 0x19
 1519 00e5 00       		.byte	0
 1520 00e6 00       		.byte	0
 1521 00e7 14       		.uleb128 0x14
 1522 00e8 15       		.uleb128 0x15
 1523 00e9 01       		.byte	0x1
 1524 00ea 27       		.uleb128 0x27
 1525 00eb 19       		.uleb128 0x19
 1526 00ec 49       		.uleb128 0x49
 1527 00ed 13       		.uleb128 0x13
 1528 00ee 01       		.uleb128 0x1
 1529 00ef 13       		.uleb128 0x13
 1530 00f0 00       		.byte	0
 1531 00f1 00       		.byte	0
 1532 00f2 15       		.uleb128 0x15
 1533 00f3 05       		.uleb128 0x5
 1534 00f4 00       		.byte	0
 1535 00f5 49       		.uleb128 0x49
 1536 00f6 13       		.uleb128 0x13
 1537 00f7 00       		.byte	0
 1538 00f8 00       		.byte	0
 1539 00f9 16       		.uleb128 0x16
ARM GAS  C:\Users\afgou\AppData\Local\Temp\ccm69Nlg.s 			page 28


 1540 00fa 26       		.uleb128 0x26
 1541 00fb 00       		.byte	0
 1542 00fc 49       		.uleb128 0x49
 1543 00fd 13       		.uleb128 0x13
 1544 00fe 00       		.byte	0
 1545 00ff 00       		.byte	0
 1546 0100 17       		.uleb128 0x17
 1547 0101 13       		.uleb128 0x13
 1548 0102 01       		.byte	0x1
 1549 0103 03       		.uleb128 0x3
 1550 0104 0E       		.uleb128 0xe
 1551 0105 0B       		.uleb128 0xb
 1552 0106 05       		.uleb128 0x5
 1553 0107 3A       		.uleb128 0x3a
 1554 0108 0B       		.uleb128 0xb
 1555 0109 3B       		.uleb128 0x3b
 1556 010a 05       		.uleb128 0x5
 1557 010b 01       		.uleb128 0x1
 1558 010c 13       		.uleb128 0x13
 1559 010d 00       		.byte	0
 1560 010e 00       		.byte	0
 1561 010f 18       		.uleb128 0x18
 1562 0110 0D       		.uleb128 0xd
 1563 0111 00       		.byte	0
 1564 0112 03       		.uleb128 0x3
 1565 0113 0E       		.uleb128 0xe
 1566 0114 3A       		.uleb128 0x3a
 1567 0115 0B       		.uleb128 0xb
 1568 0116 3B       		.uleb128 0x3b
 1569 0117 05       		.uleb128 0x5
 1570 0118 49       		.uleb128 0x49
 1571 0119 13       		.uleb128 0x13
 1572 011a 38       		.uleb128 0x38
 1573 011b 0B       		.uleb128 0xb
 1574 011c 00       		.byte	0
 1575 011d 00       		.byte	0
 1576 011e 19       		.uleb128 0x19
 1577 011f 0D       		.uleb128 0xd
 1578 0120 00       		.byte	0
 1579 0121 03       		.uleb128 0x3
 1580 0122 0E       		.uleb128 0xe
 1581 0123 3A       		.uleb128 0x3a
 1582 0124 0B       		.uleb128 0xb
 1583 0125 3B       		.uleb128 0x3b
 1584 0126 05       		.uleb128 0x5
 1585 0127 49       		.uleb128 0x49
 1586 0128 13       		.uleb128 0x13
 1587 0129 38       		.uleb128 0x38
 1588 012a 05       		.uleb128 0x5
 1589 012b 00       		.byte	0
 1590 012c 00       		.byte	0
 1591 012d 1A       		.uleb128 0x1a
 1592 012e 13       		.uleb128 0x13
 1593 012f 01       		.byte	0x1
 1594 0130 03       		.uleb128 0x3
 1595 0131 0E       		.uleb128 0xe
 1596 0132 0B       		.uleb128 0xb
ARM GAS  C:\Users\afgou\AppData\Local\Temp\ccm69Nlg.s 			page 29


 1597 0133 0B       		.uleb128 0xb
 1598 0134 3A       		.uleb128 0x3a
 1599 0135 0B       		.uleb128 0xb
 1600 0136 3B       		.uleb128 0x3b
 1601 0137 05       		.uleb128 0x5
 1602 0138 01       		.uleb128 0x1
 1603 0139 13       		.uleb128 0x13
 1604 013a 00       		.byte	0
 1605 013b 00       		.byte	0
 1606 013c 1B       		.uleb128 0x1b
 1607 013d 13       		.uleb128 0x13
 1608 013e 01       		.byte	0x1
 1609 013f 0B       		.uleb128 0xb
 1610 0140 0B       		.uleb128 0xb
 1611 0141 3A       		.uleb128 0x3a
 1612 0142 0B       		.uleb128 0xb
 1613 0143 3B       		.uleb128 0x3b
 1614 0144 05       		.uleb128 0x5
 1615 0145 01       		.uleb128 0x1
 1616 0146 13       		.uleb128 0x13
 1617 0147 00       		.byte	0
 1618 0148 00       		.byte	0
 1619 0149 1C       		.uleb128 0x1c
 1620 014a 17       		.uleb128 0x17
 1621 014b 01       		.byte	0x1
 1622 014c 0B       		.uleb128 0xb
 1623 014d 0B       		.uleb128 0xb
 1624 014e 3A       		.uleb128 0x3a
 1625 014f 0B       		.uleb128 0xb
 1626 0150 3B       		.uleb128 0x3b
 1627 0151 05       		.uleb128 0x5
 1628 0152 01       		.uleb128 0x1
 1629 0153 13       		.uleb128 0x13
 1630 0154 00       		.byte	0
 1631 0155 00       		.byte	0
 1632 0156 1D       		.uleb128 0x1d
 1633 0157 0D       		.uleb128 0xd
 1634 0158 00       		.byte	0
 1635 0159 03       		.uleb128 0x3
 1636 015a 0E       		.uleb128 0xe
 1637 015b 3A       		.uleb128 0x3a
 1638 015c 0B       		.uleb128 0xb
 1639 015d 3B       		.uleb128 0x3b
 1640 015e 05       		.uleb128 0x5
 1641 015f 49       		.uleb128 0x49
 1642 0160 13       		.uleb128 0x13
 1643 0161 00       		.byte	0
 1644 0162 00       		.byte	0
 1645 0163 1E       		.uleb128 0x1e
 1646 0164 15       		.uleb128 0x15
 1647 0165 01       		.byte	0x1
 1648 0166 27       		.uleb128 0x27
 1649 0167 19       		.uleb128 0x19
 1650 0168 01       		.uleb128 0x1
 1651 0169 13       		.uleb128 0x13
 1652 016a 00       		.byte	0
 1653 016b 00       		.byte	0
ARM GAS  C:\Users\afgou\AppData\Local\Temp\ccm69Nlg.s 			page 30


 1654 016c 1F       		.uleb128 0x1f
 1655 016d 34       		.uleb128 0x34
 1656 016e 00       		.byte	0
 1657 016f 03       		.uleb128 0x3
 1658 0170 0E       		.uleb128 0xe
 1659 0171 3A       		.uleb128 0x3a
 1660 0172 0B       		.uleb128 0xb
 1661 0173 3B       		.uleb128 0x3b
 1662 0174 05       		.uleb128 0x5
 1663 0175 49       		.uleb128 0x49
 1664 0176 13       		.uleb128 0x13
 1665 0177 3F       		.uleb128 0x3f
 1666 0178 19       		.uleb128 0x19
 1667 0179 3C       		.uleb128 0x3c
 1668 017a 19       		.uleb128 0x19
 1669 017b 00       		.byte	0
 1670 017c 00       		.byte	0
 1671 017d 20       		.uleb128 0x20
 1672 017e 34       		.uleb128 0x34
 1673 017f 00       		.byte	0
 1674 0180 03       		.uleb128 0x3
 1675 0181 0E       		.uleb128 0xe
 1676 0182 3A       		.uleb128 0x3a
 1677 0183 0B       		.uleb128 0xb
 1678 0184 3B       		.uleb128 0x3b
 1679 0185 0B       		.uleb128 0xb
 1680 0186 49       		.uleb128 0x49
 1681 0187 13       		.uleb128 0x13
 1682 0188 3F       		.uleb128 0x3f
 1683 0189 19       		.uleb128 0x19
 1684 018a 3C       		.uleb128 0x3c
 1685 018b 19       		.uleb128 0x19
 1686 018c 00       		.byte	0
 1687 018d 00       		.byte	0
 1688 018e 21       		.uleb128 0x21
 1689 018f 04       		.uleb128 0x4
 1690 0190 01       		.byte	0x1
 1691 0191 3E       		.uleb128 0x3e
 1692 0192 0B       		.uleb128 0xb
 1693 0193 0B       		.uleb128 0xb
 1694 0194 0B       		.uleb128 0xb
 1695 0195 49       		.uleb128 0x49
 1696 0196 13       		.uleb128 0x13
 1697 0197 3A       		.uleb128 0x3a
 1698 0198 0B       		.uleb128 0xb
 1699 0199 3B       		.uleb128 0x3b
 1700 019a 0B       		.uleb128 0xb
 1701 019b 01       		.uleb128 0x1
 1702 019c 13       		.uleb128 0x13
 1703 019d 00       		.byte	0
 1704 019e 00       		.byte	0
 1705 019f 22       		.uleb128 0x22
 1706 01a0 28       		.uleb128 0x28
 1707 01a1 00       		.byte	0
 1708 01a2 03       		.uleb128 0x3
 1709 01a3 0E       		.uleb128 0xe
 1710 01a4 1C       		.uleb128 0x1c
ARM GAS  C:\Users\afgou\AppData\Local\Temp\ccm69Nlg.s 			page 31


 1711 01a5 0D       		.uleb128 0xd
 1712 01a6 00       		.byte	0
 1713 01a7 00       		.byte	0
 1714 01a8 23       		.uleb128 0x23
 1715 01a9 28       		.uleb128 0x28
 1716 01aa 00       		.byte	0
 1717 01ab 03       		.uleb128 0x3
 1718 01ac 0E       		.uleb128 0xe
 1719 01ad 1C       		.uleb128 0x1c
 1720 01ae 0B       		.uleb128 0xb
 1721 01af 00       		.byte	0
 1722 01b0 00       		.byte	0
 1723 01b1 24       		.uleb128 0x24
 1724 01b2 2E       		.uleb128 0x2e
 1725 01b3 01       		.byte	0x1
 1726 01b4 3F       		.uleb128 0x3f
 1727 01b5 19       		.uleb128 0x19
 1728 01b6 03       		.uleb128 0x3
 1729 01b7 0E       		.uleb128 0xe
 1730 01b8 3A       		.uleb128 0x3a
 1731 01b9 0B       		.uleb128 0xb
 1732 01ba 3B       		.uleb128 0x3b
 1733 01bb 0B       		.uleb128 0xb
 1734 01bc 27       		.uleb128 0x27
 1735 01bd 19       		.uleb128 0x19
 1736 01be 49       		.uleb128 0x49
 1737 01bf 13       		.uleb128 0x13
 1738 01c0 11       		.uleb128 0x11
 1739 01c1 01       		.uleb128 0x1
 1740 01c2 12       		.uleb128 0x12
 1741 01c3 06       		.uleb128 0x6
 1742 01c4 40       		.uleb128 0x40
 1743 01c5 18       		.uleb128 0x18
 1744 01c6 9742     		.uleb128 0x2117
 1745 01c8 19       		.uleb128 0x19
 1746 01c9 01       		.uleb128 0x1
 1747 01ca 13       		.uleb128 0x13
 1748 01cb 00       		.byte	0
 1749 01cc 00       		.byte	0
 1750 01cd 25       		.uleb128 0x25
 1751 01ce 05       		.uleb128 0x5
 1752 01cf 00       		.byte	0
 1753 01d0 03       		.uleb128 0x3
 1754 01d1 0E       		.uleb128 0xe
 1755 01d2 3A       		.uleb128 0x3a
 1756 01d3 0B       		.uleb128 0xb
 1757 01d4 3B       		.uleb128 0x3b
 1758 01d5 0B       		.uleb128 0xb
 1759 01d6 49       		.uleb128 0x49
 1760 01d7 13       		.uleb128 0x13
 1761 01d8 02       		.uleb128 0x2
 1762 01d9 17       		.uleb128 0x17
 1763 01da 00       		.byte	0
 1764 01db 00       		.byte	0
 1765 01dc 26       		.uleb128 0x26
 1766 01dd 34       		.uleb128 0x34
 1767 01de 00       		.byte	0
ARM GAS  C:\Users\afgou\AppData\Local\Temp\ccm69Nlg.s 			page 32


 1768 01df 03       		.uleb128 0x3
 1769 01e0 0E       		.uleb128 0xe
 1770 01e1 3A       		.uleb128 0x3a
 1771 01e2 0B       		.uleb128 0xb
 1772 01e3 3B       		.uleb128 0x3b
 1773 01e4 0B       		.uleb128 0xb
 1774 01e5 49       		.uleb128 0x49
 1775 01e6 13       		.uleb128 0x13
 1776 01e7 02       		.uleb128 0x2
 1777 01e8 17       		.uleb128 0x17
 1778 01e9 00       		.byte	0
 1779 01ea 00       		.byte	0
 1780 01eb 27       		.uleb128 0x27
 1781 01ec 898201   		.uleb128 0x4109
 1782 01ef 00       		.byte	0
 1783 01f0 11       		.uleb128 0x11
 1784 01f1 01       		.uleb128 0x1
 1785 01f2 31       		.uleb128 0x31
 1786 01f3 13       		.uleb128 0x13
 1787 01f4 00       		.byte	0
 1788 01f5 00       		.byte	0
 1789 01f6 28       		.uleb128 0x28
 1790 01f7 2E       		.uleb128 0x2e
 1791 01f8 00       		.byte	0
 1792 01f9 3F       		.uleb128 0x3f
 1793 01fa 19       		.uleb128 0x19
 1794 01fb 3C       		.uleb128 0x3c
 1795 01fc 19       		.uleb128 0x19
 1796 01fd 6E       		.uleb128 0x6e
 1797 01fe 0E       		.uleb128 0xe
 1798 01ff 03       		.uleb128 0x3
 1799 0200 0E       		.uleb128 0xe
 1800 0201 00       		.byte	0
 1801 0202 00       		.byte	0
 1802 0203 00       		.byte	0
 1803              		.section	.debug_loc,"",%progbits
 1804              	.Ldebug_loc0:
 1805              	.LLST0:
 1806 0000 00000000 		.4byte	.LVL0
 1807 0004 1A000000 		.4byte	.LVL4
 1808 0008 0100     		.2byte	0x1
 1809 000a 50       		.byte	0x50
 1810 000b 1A000000 		.4byte	.LVL4
 1811 000f 74000000 		.4byte	.LVL7
 1812 0013 0400     		.2byte	0x4
 1813 0015 F3       		.byte	0xf3
 1814 0016 01       		.uleb128 0x1
 1815 0017 50       		.byte	0x50
 1816 0018 9F       		.byte	0x9f
 1817 0019 74000000 		.4byte	.LVL7
 1818 001d 7A000000 		.4byte	.LVL9
 1819 0021 0100     		.2byte	0x1
 1820 0023 50       		.byte	0x50
 1821 0024 7A000000 		.4byte	.LVL9
 1822 0028 88000000 		.4byte	.LFE3
 1823 002c 0400     		.2byte	0x4
 1824 002e F3       		.byte	0xf3
ARM GAS  C:\Users\afgou\AppData\Local\Temp\ccm69Nlg.s 			page 33


 1825 002f 01       		.uleb128 0x1
 1826 0030 50       		.byte	0x50
 1827 0031 9F       		.byte	0x9f
 1828 0032 00000000 		.4byte	0
 1829 0036 00000000 		.4byte	0
 1830              	.LLST1:
 1831 003a 00000000 		.4byte	.LVL0
 1832 003e 12000000 		.4byte	.LVL3
 1833 0042 0100     		.2byte	0x1
 1834 0044 51       		.byte	0x51
 1835 0045 12000000 		.4byte	.LVL3
 1836 0049 1A000000 		.4byte	.LVL4
 1837 004d 0300     		.2byte	0x3
 1838 004f 73       		.byte	0x73
 1839 0050 01       		.sleb128 1
 1840 0051 9F       		.byte	0x9f
 1841 0052 1A000000 		.4byte	.LVL4
 1842 0056 74000000 		.4byte	.LVL7
 1843 005a 0400     		.2byte	0x4
 1844 005c F3       		.byte	0xf3
 1845 005d 01       		.uleb128 0x1
 1846 005e 51       		.byte	0x51
 1847 005f 9F       		.byte	0x9f
 1848 0060 74000000 		.4byte	.LVL7
 1849 0064 7A000000 		.4byte	.LVL9
 1850 0068 0100     		.2byte	0x1
 1851 006a 51       		.byte	0x51
 1852 006b 7A000000 		.4byte	.LVL9
 1853 006f 88000000 		.4byte	.LFE3
 1854 0073 0400     		.2byte	0x4
 1855 0075 F3       		.byte	0xf3
 1856 0076 01       		.uleb128 0x1
 1857 0077 51       		.byte	0x51
 1858 0078 9F       		.byte	0x9f
 1859 0079 00000000 		.4byte	0
 1860 007d 00000000 		.4byte	0
 1861              	.LLST2:
 1862 0081 00000000 		.4byte	.LVL0
 1863 0085 7D000000 		.4byte	.LVL10-1
 1864 0089 0200     		.2byte	0x2
 1865 008b 90       		.byte	0x90
 1866 008c 40       		.uleb128 0x40
 1867 008d 7D000000 		.4byte	.LVL10-1
 1868 0091 88000000 		.4byte	.LFE3
 1869 0095 0600     		.2byte	0x6
 1870 0097 F3       		.byte	0xf3
 1871 0098 03       		.uleb128 0x3
 1872 0099 F5       		.byte	0xf5
 1873 009a 40       		.uleb128 0x40
 1874 009b 25       		.uleb128 0x25
 1875 009c 9F       		.byte	0x9f
 1876 009d 00000000 		.4byte	0
 1877 00a1 00000000 		.4byte	0
 1878              	.LLST3:
 1879 00a5 00000000 		.4byte	.LVL0
 1880 00a9 7D000000 		.4byte	.LVL10-1
 1881 00ad 0200     		.2byte	0x2
ARM GAS  C:\Users\afgou\AppData\Local\Temp\ccm69Nlg.s 			page 34


 1882 00af 90       		.byte	0x90
 1883 00b0 41       		.uleb128 0x41
 1884 00b1 7D000000 		.4byte	.LVL10-1
 1885 00b5 88000000 		.4byte	.LFE3
 1886 00b9 0600     		.2byte	0x6
 1887 00bb F3       		.byte	0xf3
 1888 00bc 03       		.uleb128 0x3
 1889 00bd F5       		.byte	0xf5
 1890 00be 41       		.uleb128 0x41
 1891 00bf 25       		.uleb128 0x25
 1892 00c0 9F       		.byte	0x9f
 1893 00c1 00000000 		.4byte	0
 1894 00c5 00000000 		.4byte	0
 1895              	.LLST4:
 1896 00c9 04000000 		.4byte	.LVL1
 1897 00cd 0C000000 		.4byte	.LVL2
 1898 00d1 0300     		.2byte	0x3
 1899 00d3 71       		.byte	0x71
 1900 00d4 7F       		.sleb128 -1
 1901 00d5 9F       		.byte	0x9f
 1902 00d6 0C000000 		.4byte	.LVL2
 1903 00da 64000000 		.4byte	.LVL6
 1904 00de 0100     		.2byte	0x1
 1905 00e0 53       		.byte	0x53
 1906 00e1 74000000 		.4byte	.LVL7
 1907 00e5 78000000 		.4byte	.LVL8
 1908 00e9 0100     		.2byte	0x1
 1909 00eb 53       		.byte	0x53
 1910 00ec 78000000 		.4byte	.LVL8
 1911 00f0 7A000000 		.4byte	.LVL9
 1912 00f4 0300     		.2byte	0x3
 1913 00f6 71       		.byte	0x71
 1914 00f7 7F       		.sleb128 -1
 1915 00f8 9F       		.byte	0x9f
 1916 00f9 00000000 		.4byte	0
 1917 00fd 00000000 		.4byte	0
 1918              		.section	.debug_aranges,"",%progbits
 1919 0000 1C000000 		.4byte	0x1c
 1920 0004 0200     		.2byte	0x2
 1921 0006 00000000 		.4byte	.Ldebug_info0
 1922 000a 04       		.byte	0x4
 1923 000b 00       		.byte	0
 1924 000c 0000     		.2byte	0
 1925 000e 0000     		.2byte	0
 1926 0010 00000000 		.4byte	.LFB3
 1927 0014 88000000 		.4byte	.LFE3-.LFB3
 1928 0018 00000000 		.4byte	0
 1929 001c 00000000 		.4byte	0
 1930              		.section	.debug_ranges,"",%progbits
 1931              	.Ldebug_ranges0:
 1932 0000 00000000 		.4byte	.LFB3
 1933 0004 88000000 		.4byte	.LFE3
 1934 0008 00000000 		.4byte	0
 1935 000c 00000000 		.4byte	0
 1936              		.section	.debug_line,"",%progbits
 1937              	.Ldebug_line0:
 1938 0000 71020000 		.section	.debug_str,"MS",%progbits,1
ARM GAS  C:\Users\afgou\AppData\Local\Temp\ccm69Nlg.s 			page 35


 1938      02004102 
 1938      00000201 
 1938      FB0E0D00 
 1938      01010101 
 1939              	.LASF40:
 1940 0000 5F64736F 		.ascii	"_dso_handle\000"
 1940      5F68616E 
 1940      646C6500 
 1941              	.LASF139:
 1942 000c 6D617A65 		.ascii	"maze_mapping_test_known_cr\000"
 1942      5F6D6170 
 1942      70696E67 
 1942      5F746573 
 1942      745F6B6E 
 1943              	.LASF127:
 1944 0027 63725F70 		.ascii	"cr_pos_x\000"
 1944      6F735F78 
 1944      00
 1945              	.LASF128:
 1946 0030 63725F70 		.ascii	"cr_pos_y\000"
 1946      6F735F79 
 1946      00
 1947              	.LASF48:
 1948 0039 5F73697A 		.ascii	"_size\000"
 1948      6500
 1949              	.LASF93:
 1950 003f 5F72616E 		.ascii	"_rand48\000"
 1950      64343800 
 1951              	.LASF72:
 1952 0047 5F656D65 		.ascii	"_emergency\000"
 1952      7267656E 
 1952      637900
 1953              	.LASF11:
 1954 0052 5F5F7569 		.ascii	"__uint8_t\000"
 1954      6E74385F 
 1954      7400
 1955              	.LASF109:
 1956 005c 5F676574 		.ascii	"_getdate_err\000"
 1956      64617465 
 1956      5F657272 
 1956      00
 1957              	.LASF62:
 1958 0069 5F646174 		.ascii	"_data\000"
 1958      6100
 1959              	.LASF135:
 1960 006f 726F626F 		.ascii	"robot_pos_y\000"
 1960      745F706F 
 1960      735F7900 
 1961              	.LASF113:
 1962 007b 5F776372 		.ascii	"_wcrtomb_state\000"
 1962      746F6D62 
 1962      5F737461 
 1962      746500
 1963              	.LASF114:
 1964 008a 5F776373 		.ascii	"_wcsrtombs_state\000"
 1964      72746F6D 
 1964      62735F73 
ARM GAS  C:\Users\afgou\AppData\Local\Temp\ccm69Nlg.s 			page 36


 1964      74617465 
 1964      00
 1965              	.LASF8:
 1966 009b 6C6F6E67 		.ascii	"long long unsigned int\000"
 1966      206C6F6E 
 1966      6720756E 
 1966      7369676E 
 1966      65642069 
 1967              	.LASF52:
 1968 00b2 5F6C6266 		.ascii	"_lbfsize\000"
 1968      73697A65 
 1968      00
 1969              	.LASF120:
 1970 00bb 5F5F6C6F 		.ascii	"__locale_t\000"
 1970      63616C65 
 1970      5F7400
 1971              	.LASF111:
 1972 00c6 5F6D6272 		.ascii	"_mbrtowc_state\000"
 1972      746F7763 
 1972      5F737461 
 1972      746500
 1973              	.LASF29:
 1974 00d5 5F5F746D 		.ascii	"__tm_sec\000"
 1974      5F736563 
 1974      00
 1975              	.LASF7:
 1976 00de 6C6F6E67 		.ascii	"long long int\000"
 1976      206C6F6E 
 1976      6720696E 
 1976      7400
 1977              	.LASF1:
 1978 00ec 7369676E 		.ascii	"signed char\000"
 1978      65642063 
 1978      68617200 
 1979              	.LASF58:
 1980 00f8 5F756275 		.ascii	"_ubuf\000"
 1980      6600
 1981              	.LASF47:
 1982 00fe 5F626173 		.ascii	"_base\000"
 1982      6500
 1983              	.LASF132:
 1984 0104 63725F6C 		.ascii	"cr_list\000"
 1984      69737400 
 1985              	.LASF31:
 1986 010c 5F5F746D 		.ascii	"__tm_hour\000"
 1986      5F686F75 
 1986      7200
 1987              	.LASF87:
 1988 0116 5F5F7366 		.ascii	"__sf\000"
 1988      00
 1989              	.LASF38:
 1990 011b 5F6F6E5F 		.ascii	"_on_exit_args\000"
 1990      65786974 
 1990      5F617267 
 1990      7300
 1991              	.LASF53:
 1992 0129 5F636F6F 		.ascii	"_cookie\000"
ARM GAS  C:\Users\afgou\AppData\Local\Temp\ccm69Nlg.s 			page 37


 1992      6B696500 
 1993              	.LASF86:
 1994 0131 5F5F7367 		.ascii	"__sglue\000"
 1994      6C756500 
 1995              	.LASF5:
 1996 0139 6C6F6E67 		.ascii	"long int\000"
 1996      20696E74 
 1996      00
 1997              	.LASF50:
 1998 0142 5F666C61 		.ascii	"_flags\000"
 1998      677300
 1999              	.LASF42:
 2000 0149 5F69735F 		.ascii	"_is_cxa\000"
 2000      63786100 
 2001              	.LASF68:
 2002 0151 5F737464 		.ascii	"_stdin\000"
 2002      696E00
 2003              	.LASF134:
 2004 0158 726F626F 		.ascii	"robot_pos_x\000"
 2004      745F706F 
 2004      735F7800 
 2005              	.LASF60:
 2006 0164 5F626C6B 		.ascii	"_blksize\000"
 2006      73697A65 
 2006      00
 2007              	.LASF138:
 2008 016d 433A5C55 		.ascii	"C:\\Users\\afgou\\Desktop\\Aur\351lien\\EPFL\\Cours"
 2008      73657273 
 2008      5C616667 
 2008      6F755C44 
 2008      65736B74 
 2009 0197 5C426163 		.ascii	"\\Bachelor 3, Semestre 6\\Microinformatique\\TPs\\T"
 2009      68656C6F 
 2009      7220332C 
 2009      2053656D 
 2009      65737472 
 2010 01c6 50735F47 		.ascii	"Ps_Git\\TP6_Miniprojet\\Miniprojet\000"
 2010      69745C54 
 2010      50365F4D 
 2010      696E6970 
 2010      726F6A65 
 2011              	.LASF119:
 2012 01e7 5F5F6C6F 		.ascii	"__lock\000"
 2012      636B00
 2013              	.LASF82:
 2014 01ee 5F637674 		.ascii	"_cvtbuf\000"
 2014      62756600 
 2015              	.LASF61:
 2016 01f6 5F6F6666 		.ascii	"_offset\000"
 2016      73657400 
 2017              	.LASF112:
 2018 01fe 5F6D6273 		.ascii	"_mbsrtowcs_state\000"
 2018      72746F77 
 2018      63735F73 
 2018      74617465 
 2018      00
 2019              	.LASF110:
ARM GAS  C:\Users\afgou\AppData\Local\Temp\ccm69Nlg.s 			page 38


 2020 020f 5F6D6272 		.ascii	"_mbrlen_state\000"
 2020      6C656E5F 
 2020      73746174 
 2020      6500
 2021              	.LASF39:
 2022 021d 5F666E61 		.ascii	"_fnargs\000"
 2022      72677300 
 2023              	.LASF45:
 2024 0225 5F666E73 		.ascii	"_fns\000"
 2024      00
 2025              	.LASF25:
 2026 022a 5F736967 		.ascii	"_sign\000"
 2026      6E00
 2027              	.LASF21:
 2028 0230 5F666C6F 		.ascii	"_flock_t\000"
 2028      636B5F74 
 2028      00
 2029              	.LASF70:
 2030 0239 5F737464 		.ascii	"_stderr\000"
 2030      65727200 
 2031              	.LASF27:
 2032 0241 5F426967 		.ascii	"_Bigint\000"
 2032      696E7400 
 2033              	.LASF101:
 2034 0249 5F67616D 		.ascii	"_gamma_signgam\000"
 2034      6D615F73 
 2034      69676E67 
 2034      616D00
 2035              	.LASF54:
 2036 0258 5F726561 		.ascii	"_read\000"
 2036      6400
 2037              	.LASF78:
 2038 025e 5F726573 		.ascii	"_result_k\000"
 2038      756C745F 
 2038      6B00
 2039              	.LASF28:
 2040 0268 5F5F746D 		.ascii	"__tm\000"
 2040      00
 2041              	.LASF9:
 2042 026d 756E7369 		.ascii	"unsigned int\000"
 2042      676E6564 
 2042      20696E74 
 2042      00
 2043              	.LASF136:
 2044 027a 474E5520 		.ascii	"GNU C11 7.2.1 20170904 (release) [ARM/embedded-7-br"
 2044      43313120 
 2044      372E322E 
 2044      31203230 
 2044      31373039 
 2045 02ad 616E6368 		.ascii	"anch revision 255204] -mcpu=cortex-m4 -mfloat-abi=h"
 2045      20726576 
 2045      6973696F 
 2045      6E203235 
 2045      35323034 
 2046 02e0 61726420 		.ascii	"ard -mfpu=fpv4-sp-d16 -mno-thumb-interwork -mthumb "
 2046      2D6D6670 
 2046      753D6670 
ARM GAS  C:\Users\afgou\AppData\Local\Temp\ccm69Nlg.s 			page 39


 2046      76342D73 
 2046      702D6431 
 2047 0313 2D676764 		.ascii	"-ggdb -O2 -fomit-frame-pointer -falign-functions=16"
 2047      62202D4F 
 2047      32202D66 
 2047      6F6D6974 
 2047      2D667261 
 2048 0346 202D666E 		.ascii	" -fno-strict-aliasing -fstack-protector-all -ffunct"
 2048      6F2D7374 
 2048      72696374 
 2048      2D616C69 
 2048      6173696E 
 2049 0379 696F6E2D 		.ascii	"ion-sections -fdata-sections -fno-common -fsingle-p"
 2049      73656374 
 2049      696F6E73 
 2049      202D6664 
 2049      6174612D 
 2050 03ac 72656369 		.ascii	"recision-constant\000"
 2050      73696F6E 
 2050      2D636F6E 
 2050      7374616E 
 2050      7400
 2051              	.LASF17:
 2052 03be 5F5F7763 		.ascii	"__wchb\000"
 2052      686200
 2053              	.LASF69:
 2054 03c5 5F737464 		.ascii	"_stdout\000"
 2054      6F757400 
 2055              	.LASF81:
 2056 03cd 5F637674 		.ascii	"_cvtlen\000"
 2056      6C656E00 
 2057              	.LASF6:
 2058 03d5 6C6F6E67 		.ascii	"long unsigned int\000"
 2058      20756E73 
 2058      69676E65 
 2058      6420696E 
 2058      7400
 2059              	.LASF51:
 2060 03e7 5F66696C 		.ascii	"_file\000"
 2060      6500
 2061              	.LASF91:
 2062 03ed 5F6E696F 		.ascii	"_niobs\000"
 2062      627300
 2063              	.LASF4:
 2064 03f4 73686F72 		.ascii	"short unsigned int\000"
 2064      7420756E 
 2064      7369676E 
 2064      65642069 
 2064      6E7400
 2065              	.LASF84:
 2066 0407 5F617465 		.ascii	"_atexit0\000"
 2066      78697430 
 2066      00
 2067              	.LASF108:
 2068 0410 5F736967 		.ascii	"_signal_buf\000"
 2068      6E616C5F 
 2068      62756600 
ARM GAS  C:\Users\afgou\AppData\Local\Temp\ccm69Nlg.s 			page 40


 2069              	.LASF99:
 2070 041c 5F617363 		.ascii	"_asctime_buf\000"
 2070      74696D65 
 2070      5F627566 
 2070      00
 2071              	.LASF77:
 2072 0429 5F726573 		.ascii	"_result\000"
 2072      756C7400 
 2073              	.LASF16:
 2074 0431 5F5F7763 		.ascii	"__wch\000"
 2074      6800
 2075              	.LASF125:
 2076 0437 43726F73 		.ascii	"Crossroad\000"
 2076      73726F61 
 2076      6400
 2077              	.LASF12:
 2078 0441 5F4C4F43 		.ascii	"_LOCK_T\000"
 2078      4B5F5400 
 2079              	.LASF15:
 2080 0449 77696E74 		.ascii	"wint_t\000"
 2080      5F7400
 2081              	.LASF63:
 2082 0450 5F6C6F63 		.ascii	"_lock\000"
 2082      6B00
 2083              	.LASF130:
 2084 0456 4E45575F 		.ascii	"NEW_CR\000"
 2084      435200
 2085              	.LASF65:
 2086 045d 5F666C61 		.ascii	"_flags2\000"
 2086      67733200 
 2087              	.LASF55:
 2088 0465 5F777269 		.ascii	"_write\000"
 2088      746500
 2089              	.LASF34:
 2090 046c 5F5F746D 		.ascii	"__tm_year\000"
 2090      5F796561 
 2090      7200
 2091              	.LASF126:
 2092 0476 63686F73 		.ascii	"chosen_path\000"
 2092      656E5F70 
 2092      61746800 
 2093              	.LASF10:
 2094 0482 6C6F6E67 		.ascii	"long double\000"
 2094      20646F75 
 2094      626C6500 
 2095              	.LASF116:
 2096 048e 5F6E6578 		.ascii	"_nextf\000"
 2096      746600
 2097              	.LASF131:
 2098 0495 4B4E4F57 		.ascii	"KNOWN_CR\000"
 2098      4E5F4352 
 2098      00
 2099              	.LASF33:
 2100 049e 5F5F746D 		.ascii	"__tm_mon\000"
 2100      5F6D6F6E 
 2100      00
 2101              	.LASF43:
ARM GAS  C:\Users\afgou\AppData\Local\Temp\ccm69Nlg.s 			page 41


 2102 04a7 5F617465 		.ascii	"_atexit\000"
 2102      78697400 
 2103              	.LASF124:
 2104 04af 7375626F 		.ascii	"suboptarg\000"
 2104      70746172 
 2104      6700
 2105              	.LASF75:
 2106 04b9 5F5F7364 		.ascii	"__sdidinit\000"
 2106      6964696E 
 2106      697400
 2107              	.LASF13:
 2108 04c4 5F6F6666 		.ascii	"_off_t\000"
 2108      5F7400
 2109              	.LASF133:
 2110 04cb 73697A65 		.ascii	"size_cr_list\000"
 2110      5F63725F 
 2110      6C697374 
 2110      00
 2111              	.LASF0:
 2112 04d8 666C6F61 		.ascii	"float\000"
 2112      7400
 2113              	.LASF80:
 2114 04de 5F667265 		.ascii	"_freelist\000"
 2114      656C6973 
 2114      7400
 2115              	.LASF106:
 2116 04e8 5F776374 		.ascii	"_wctomb_state\000"
 2116      6F6D625F 
 2116      73746174 
 2116      6500
 2117              	.LASF2:
 2118 04f6 756E7369 		.ascii	"unsigned char\000"
 2118      676E6564 
 2118      20636861 
 2118      7200
 2119              	.LASF83:
 2120 0504 5F6E6577 		.ascii	"_new\000"
 2120      00
 2121              	.LASF115:
 2122 0509 5F685F65 		.ascii	"_h_errno\000"
 2122      72726E6F 
 2122      00
 2123              	.LASF3:
 2124 0512 73686F72 		.ascii	"short int\000"
 2124      7420696E 
 2124      7400
 2125              	.LASF36:
 2126 051c 5F5F746D 		.ascii	"__tm_yday\000"
 2126      5F796461 
 2126      7900
 2127              	.LASF46:
 2128 0526 5F5F7362 		.ascii	"__sbuf\000"
 2128      756600
 2129              	.LASF92:
 2130 052d 5F696F62 		.ascii	"_iobs\000"
 2130      7300
 2131              	.LASF89:
ARM GAS  C:\Users\afgou\AppData\Local\Temp\ccm69Nlg.s 			page 42


 2132 0533 5F5F4649 		.ascii	"__FILE\000"
 2132      4C4500
 2133              	.LASF20:
 2134 053a 5F6D6273 		.ascii	"_mbstate_t\000"
 2134      74617465 
 2134      5F7400
 2135              	.LASF49:
 2136 0545 5F5F7346 		.ascii	"__sFILE\000"
 2136      494C4500 
 2137              	.LASF64:
 2138 054d 5F6D6273 		.ascii	"_mbstate\000"
 2138      74617465 
 2138      00
 2139              	.LASF102:
 2140 0556 5F72616E 		.ascii	"_rand_next\000"
 2140      645F6E65 
 2140      787400
 2141              	.LASF104:
 2142 0561 5F6D626C 		.ascii	"_mblen_state\000"
 2142      656E5F73 
 2142      74617465 
 2142      00
 2143              	.LASF71:
 2144 056e 5F696E63 		.ascii	"_inc\000"
 2144      00
 2145              	.LASF44:
 2146 0573 5F696E64 		.ascii	"_ind\000"
 2146      00
 2147              	.LASF74:
 2148 0578 5F6C6F63 		.ascii	"_locale\000"
 2148      616C6500 
 2149              	.LASF76:
 2150 0580 5F5F636C 		.ascii	"__cleanup\000"
 2150      65616E75 
 2150      7000
 2151              	.LASF73:
 2152 058a 5F756E73 		.ascii	"_unspecified_locale_info\000"
 2152      70656369 
 2152      66696564 
 2152      5F6C6F63 
 2152      616C655F 
 2153              	.LASF141:
 2154 05a3 5F5F7374 		.ascii	"__stack_chk_fail\000"
 2154      61636B5F 
 2154      63686B5F 
 2154      6661696C 
 2154      00
 2155              	.LASF24:
 2156 05b4 5F6D6178 		.ascii	"_maxwds\000"
 2156      77647300 
 2157              	.LASF66:
 2158 05bc 5F726565 		.ascii	"_reent\000"
 2158      6E7400
 2159              	.LASF94:
 2160 05c3 5F736565 		.ascii	"_seed\000"
 2160      6400
 2161              	.LASF18:
ARM GAS  C:\Users\afgou\AppData\Local\Temp\ccm69Nlg.s 			page 43


 2162 05c9 5F5F636F 		.ascii	"__count\000"
 2162      756E7400 
 2163              	.LASF137:
 2164 05d1 6D617A65 		.ascii	"maze_mapping.c\000"
 2164      5F6D6170 
 2164      70696E67 
 2164      2E6300
 2165              	.LASF19:
 2166 05e0 5F5F7661 		.ascii	"__value\000"
 2166      6C756500 
 2167              	.LASF56:
 2168 05e8 5F736565 		.ascii	"_seek\000"
 2168      6B00
 2169              	.LASF121:
 2170 05ee 5F696D70 		.ascii	"_impure_ptr\000"
 2170      7572655F 
 2170      70747200 
 2171              	.LASF14:
 2172 05fa 5F66706F 		.ascii	"_fpos_t\000"
 2172      735F7400 
 2173              	.LASF67:
 2174 0602 5F657272 		.ascii	"_errno\000"
 2174      6E6F00
 2175              	.LASF88:
 2176 0609 63686172 		.ascii	"char\000"
 2176      00
 2177              	.LASF30:
 2178 060e 5F5F746D 		.ascii	"__tm_min\000"
 2178      5F6D696E 
 2178      00
 2179              	.LASF123:
 2180 0617 75696E74 		.ascii	"uint8_t\000"
 2180      385F7400 
 2181              	.LASF95:
 2182 061f 5F6D756C 		.ascii	"_mult\000"
 2182      7400
 2183              	.LASF129:
 2184 0625 43524F53 		.ascii	"CROSSROAD\000"
 2184      53524F41 
 2184      4400
 2185              	.LASF23:
 2186 062f 5F6E6578 		.ascii	"_next\000"
 2186      7400
 2187              	.LASF98:
 2188 0635 5F737472 		.ascii	"_strtok_last\000"
 2188      746F6B5F 
 2188      6C617374 
 2188      00
 2189              	.LASF41:
 2190 0642 5F666E74 		.ascii	"_fntypes\000"
 2190      79706573 
 2190      00
 2191              	.LASF96:
 2192 064b 5F616464 		.ascii	"_add\000"
 2192      00
 2193              	.LASF22:
 2194 0650 5F5F554C 		.ascii	"__ULong\000"
ARM GAS  C:\Users\afgou\AppData\Local\Temp\ccm69Nlg.s 			page 44


 2194      6F6E6700 
 2195              	.LASF140:
 2196 0658 63725F69 		.ascii	"cr_id\000"
 2196      6400
 2197              	.LASF122:
 2198 065e 5F676C6F 		.ascii	"_global_impure_ptr\000"
 2198      62616C5F 
 2198      696D7075 
 2198      72655F70 
 2198      747200
 2199              	.LASF97:
 2200 0671 5F756E75 		.ascii	"_unused_rand\000"
 2200      7365645F 
 2200      72616E64 
 2200      00
 2201              	.LASF26:
 2202 067e 5F776473 		.ascii	"_wds\000"
 2202      00
 2203              	.LASF35:
 2204 0683 5F5F746D 		.ascii	"__tm_wday\000"
 2204      5F776461 
 2204      7900
 2205              	.LASF90:
 2206 068d 5F676C75 		.ascii	"_glue\000"
 2206      6500
 2207              	.LASF117:
 2208 0693 5F6E6D61 		.ascii	"_nmalloc\000"
 2208      6C6C6F63 
 2208      00
 2209              	.LASF107:
 2210 069c 5F6C3634 		.ascii	"_l64a_buf\000"
 2210      615F6275 
 2210      6600
 2211              	.LASF85:
 2212 06a6 5F736967 		.ascii	"_sig_func\000"
 2212      5F66756E 
 2212      6300
 2213              	.LASF59:
 2214 06b0 5F6E6275 		.ascii	"_nbuf\000"
 2214      6600
 2215              	.LASF118:
 2216 06b6 5F756E75 		.ascii	"_unused\000"
 2216      73656400 
 2217              	.LASF37:
 2218 06be 5F5F746D 		.ascii	"__tm_isdst\000"
 2218      5F697364 
 2218      737400
 2219              	.LASF100:
 2220 06c9 5F6C6F63 		.ascii	"_localtime_buf\000"
 2220      616C7469 
 2220      6D655F62 
 2220      756600
 2221              	.LASF57:
 2222 06d8 5F636C6F 		.ascii	"_close\000"
 2222      736500
 2223              	.LASF103:
 2224 06df 5F723438 		.ascii	"_r48\000"
ARM GAS  C:\Users\afgou\AppData\Local\Temp\ccm69Nlg.s 			page 45


 2224      00
 2225              	.LASF105:
 2226 06e4 5F6D6274 		.ascii	"_mbtowc_state\000"
 2226      6F77635F 
 2226      73746174 
 2226      6500
 2227              	.LASF79:
 2228 06f2 5F703573 		.ascii	"_p5s\000"
 2228      00
 2229              	.LASF32:
 2230 06f7 5F5F746D 		.ascii	"__tm_mday\000"
 2230      5F6D6461 
 2230      7900
 2231              		.ident	"GCC: (GNU Tools for Arm Embedded Processors 7-2017-q4-major) 7.2.1 20170904 (release) [ARM
ARM GAS  C:\Users\afgou\AppData\Local\Temp\ccm69Nlg.s 			page 46


DEFINED SYMBOLS
                            *ABS*:00000000 maze_mapping.c
C:\Users\afgou\AppData\Local\Temp\ccm69Nlg.s:18     .text.maze_mapping_test_known_cr:00000000 $t
C:\Users\afgou\AppData\Local\Temp\ccm69Nlg.s:26     .text.maze_mapping_test_known_cr:00000000 maze_mapping_test_known_cr
C:\Users\afgou\AppData\Local\Temp\ccm69Nlg.s:114    .text.maze_mapping_test_known_cr:00000080 $d

UNDEFINED SYMBOLS
__stack_chk_fail
__stack_chk_guard
